wandb: Using wandb-core as the SDK backend. Please refer to https://wandb.me/wandb-core for more information.
wandb: Currently logged in as: ywu19 (ywu19-worcester-polytechnic-institute). Use `wandb login --relogin` to force relogin
wandb: Tracking run with wandb version 0.18.5
wandb: Run data is saved locally in /mnt/localssd/pykt-toolkit/examples/wandb/run-20251018_230809-mg1a8isw
wandb: Run `wandb offline` to turn off syncing.
wandb: Syncing run fresh-glitter-30
wandb: ⭐️ View project at https://wandb.ai/ywu19-worcester-polytechnic-institute/pykt-toolkit-examples
wandb: 🚀 View run at https://wandb.ai/ywu19-worcester-polytechnic-institute/pykt-toolkit-examples/runs/mg1a8isw
2025-10-18 23:08:09 - main - said: load config files.
Start init data
algebra2005 akt {'assist2015': {'dpath': '../data/assist2015', 'num_q': 0, 'num_c': 100, 'input_type': ['concepts'], 'max_concepts': 1, 'min_seq_len': 3, 'maxlen': 200, 'emb_path': '', 'train_valid_original_file': 'train_valid.csv', 'train_valid_file': 'train_valid_sequences.csv', 'folds': [0, 1, 2, 3, 4], 'test_original_file': 'test.csv', 'test_file': 'test_sequences.csv', 'test_window_file': 'test_window_sequences.csv', 'train_valid_original_file_quelevel': 'train_valid_quelevel.csv', 'train_valid_file_quelevel': 'train_valid_sequences_quelevel.csv', 'test_file_quelevel': 'test_sequences_quelevel.csv', 'test_window_file_quelevel': 'test_window_sequences_quelevel.csv', 'test_original_file_quelevel': 'test_quelevel.csv'}, 'algebra2005': {'dpath': '../data/algebra2005', 'num_q': 173113, 'num_c': 112, 'input_type': ['questions', 'concepts'], 'max_concepts': 7, 'min_seq_len': 3, 'maxlen': 200, 'emb_path': '', 'train_valid_original_file': 'train_valid.csv', 'train_valid_file': 'train_valid_sequences.csv', 'folds': [0, 1, 2, 3, 4], 'test_original_file': 'test.csv', 'test_file': 'test_sequences.csv', 'test_window_file': 'test_window_sequences.csv', 'test_question_file': 'test_question_sequences.csv', 'test_question_window_file': 'test_question_window_sequences.csv', 'train_valid_original_file_quelevel': 'train_valid_quelevel.csv', 'train_valid_file_quelevel': 'train_valid_sequences_quelevel.csv', 'test_file_quelevel': 'test_sequences_quelevel.csv', 'test_window_file_quelevel': 'test_window_sequences_quelevel.csv', 'test_original_file_quelevel': 'test_quelevel.csv'}, 'assist2009': {'dpath': '../data/assist2009', 'num_q': 17737, 'num_c': 123, 'input_type': ['questions', 'concepts'], 'max_concepts': 4, 'min_seq_len': 3, 'maxlen': 200, 'emb_path': '', 'train_valid_original_file': 'train_valid.csv', 'train_valid_file': 'train_valid_sequences.csv', 'folds': [0, 1, 2, 3, 4], 'test_original_file': 'test.csv', 'test_file': 'test_sequences.csv', 'test_window_file': 'test_window_sequences.csv', 'test_question_file': 'test_question_sequences.csv', 'test_question_window_file': 'test_question_window_sequences.csv', 'train_valid_original_file_quelevel': 'train_valid_quelevel.csv', 'train_valid_file_quelevel': 'train_valid_sequences_quelevel.csv', 'test_file_quelevel': 'test_sequences_quelevel.csv', 'test_window_file_quelevel': 'test_window_sequences_quelevel.csv', 'test_original_file_quelevel': 'test_quelevel.csv'}, 'slepemapy': {'dpath': '../data/slepemapy', 'num_q': 2913, 'num_c': 1458, 'input_type': ['questions', 'concepts'], 'emb_path': '', 'train_valid_original_file': 'train_valid.csv', 'train_valid_file': 'train_valid_sequences.csv', 'folds': [0, 1, 2, 3, 4], 'test_original_file': 'test.csv', 'test_file': 'test_sequences.csv', 'test_window_file': 'test_window_sequences.csv', 'test_question_file': 'test_question_sequences.csv', 'test_question_window_file': 'test_question_window_sequences.csv'}, 'assist2017': {'dpath': '../data/assist2017', 'num_q': 3162, 'num_c': 102, 'input_type': ['questions', 'concepts'], 'min_seq_len': 3, 'maxlen': 200, 'emb_path': '', 'train_valid_original_file': 'train_valid.csv', 'train_valid_file': 'train_valid_sequences.csv', 'folds': [0, 1, 2, 3, 4], 'test_original_file': 'test.csv', 'test_file': 'test_sequences.csv', 'test_window_file': 'test_window_sequences.csv', 'test_question_file': 'test_question_sequences.csv', 'test_question_window_file': 'test_question_window_sequences.csv', 'max_concepts': 1, 'train_valid_original_file_quelevel': 'train_valid_quelevel.csv', 'train_valid_file_quelevel': 'train_valid_sequences_quelevel.csv', 'test_file_quelevel': 'test_sequences_quelevel.csv', 'test_window_file_quelevel': 'test_window_sequences_quelevel.csv', 'test_original_file_quelevel': 'test_quelevel.csv'}, 'assist2012': {'dpath': '../data/assist2012', 'num_q': 53070, 'num_c': 265, 'input_type': ['questions', 'concepts'], 'emb_path': '', 'train_valid_original_file': 'train_valid.csv', 'train_valid_file': 'train_valid_sequences.csv', 'folds': [0, 1, 2, 3, 4], 'test_original_file': 'test.csv', 'test_file': 'test_sequences.csv', 'test_window_file': 'test_window_sequences.csv', 'test_question_file': 'test_question_sequences.csv', 'test_question_window_file': 'test_question_window_sequences.csv'}, 'statics2011': {'dpath': '../data/statics2011', 'num_q': 0, 'num_c': 1223, 'input_type': ['concepts'], 'max_concepts': 1, 'min_seq_len': 3, 'maxlen': 200, 'emb_path': '', 'train_valid_original_file': 'train_valid.csv', 'train_valid_file': 'train_valid_sequences.csv', 'folds': [0, 1, 2, 3, 4], 'test_original_file': 'test.csv', 'test_file': 'test_sequences.csv', 'test_window_file': 'test_window_sequences.csv', 'train_valid_original_file_quelevel': 'train_valid_quelevel.csv', 'train_valid_file_quelevel': 'train_valid_sequences_quelevel.csv', 'test_file_quelevel': 'test_sequences_quelevel.csv', 'test_window_file_quelevel': 'test_window_sequences_quelevel.csv', 'test_original_file_quelevel': 'test_quelevel.csv'}, 'junyi2015': {'dpath': '../data/junyi2015', 'num_q': 721, 'num_c': 39, 'input_type': ['questions', 'concepts'], 'max_concepts': 1, 'min_seq_len': 3, 'maxlen': 200, 'emb_path': '', 'train_valid_original_file': 'train_valid.csv', 'train_valid_file': 'train_valid_sequences.csv', 'folds': [0, 1, 2, 3, 4], 'test_original_file': 'test.csv', 'test_file': 'test_sequences.csv', 'test_window_file': 'test_window_sequences.csv', 'test_question_file': 'test_question_sequences.csv', 'test_question_window_file': 'test_question_window_sequences.csv'}, 'bridge2algebra2006': {'dpath': '../data/bridge2algebra2006', 'num_q': 129263, 'num_c': 493, 'input_type': ['questions', 'concepts'], 'max_concepts': 5, 'min_seq_len': 3, 'maxlen': 200, 'emb_path': '', 'train_valid_original_file': 'train_valid.csv', 'train_valid_file': 'train_valid_sequences.csv', 'folds': [0, 1, 2, 3, 4], 'test_original_file': 'test.csv', 'test_file': 'test_sequences.csv', 'test_window_file': 'test_window_sequences.csv', 'test_question_file': 'test_question_sequences.csv', 'test_question_window_file': 'test_question_window_sequences.csv', 'train_valid_original_file_quelevel': 'train_valid_quelevel.csv', 'train_valid_file_quelevel': 'train_valid_sequences_quelevel.csv', 'test_file_quelevel': 'test_sequences_quelevel.csv', 'test_window_file_quelevel': 'test_window_sequences_quelevel.csv', 'test_original_file_quelevel': 'test_quelevel.csv'}, 'ednet': {'dpath': '../data/ednet', 'num_q': 11901, 'num_c': 188, 'input_type': ['questions', 'concepts'], 'max_concepts': 7, 'min_seq_len': 3, 'maxlen': 200, 'emb_path': '', 'train_valid_original_file': 'train_valid.csv', 'train_valid_file': 'train_valid_sequences.csv', 'folds': [0, 1, 2, 3, 4], 'test_original_file': 'test.csv', 'test_file': 'test_sequences.csv', 'test_window_file': 'test_window_sequences.csv', 'test_question_file': 'test_question_sequences.csv', 'test_question_window_file': 'test_question_window_sequences.csv', 'train_valid_original_file_quelevel': 'train_valid_quelevel.csv', 'train_valid_file_quelevel': 'train_valid_sequences_quelevel.csv', 'test_file_quelevel': 'test_sequences_quelevel.csv', 'test_window_file_quelevel': 'test_window_sequences_quelevel.csv', 'test_original_file_quelevel': 'test_quelevel.csv'}, 'nips_task34': {'dpath': '../data/nips_task34', 'num_q': 948, 'num_c': 57, 'input_type': ['questions', 'concepts'], 'max_concepts': 2, 'min_seq_len': 3, 'maxlen': 200, 'emb_path': '', 'train_valid_original_file': 'train_valid.csv', 'train_valid_file': 'train_valid_sequences.csv', 'folds': [0, 1, 2, 3, 4], 'test_original_file': 'test.csv', 'test_file': 'test_sequences.csv', 'test_window_file': 'test_window_sequences.csv', 'test_question_file': 'test_question_sequences.csv', 'test_question_window_file': 'test_question_window_sequences.csv', 'train_valid_original_file_quelevel': 'train_valid_quelevel.csv', 'train_valid_file_quelevel': 'train_valid_sequences_quelevel.csv', 'test_file_quelevel': 'test_sequences_quelevel.csv', 'test_window_file_quelevel': 'test_window_sequences_quelevel.csv', 'test_original_file_quelevel': 'test_quelevel.csv'}, 'poj': {'dpath': '../data/poj', 'num_q': 0, 'num_c': 2748, 'input_type': ['concepts'], 'max_concepts': 1, 'min_seq_len': 3, 'maxlen': 200, 'emb_path': '', 'train_valid_original_file': 'train_valid.csv', 'train_valid_file': 'train_valid_sequences.csv', 'folds': [0, 1, 2, 3, 4], 'test_original_file': 'test.csv', 'test_file': 'test_sequences.csv', 'test_window_file': 'test_window_sequences.csv', 'train_valid_original_file_quelevel': 'train_valid_quelevel.csv', 'train_valid_file_quelevel': 'train_valid_sequences_quelevel.csv', 'test_file_quelevel': 'test_sequences_quelevel.csv', 'test_window_file_quelevel': 'test_window_sequences_quelevel.csv', 'test_original_file_quelevel': 'test_quelevel.csv'}, 'peiyou': {'dpath': '../data/peiyou', 'num_q': 7652, 'num_c': 865, 'input_type': ['questions', 'concepts'], 'max_concepts': 6, 'min_seq_len': 3, 'maxlen': 200, 'emb_path': '', 'train_valid_file': 'train_valid_sequences.csv', 'folds': [0, 1, 2, 3, 4], 'train_valid_original_file': 'train_valid.csv', 'test_original_file': 'test.csv', 'test_file': 'test_sequences.csv', 'test_window_file': 'test_window_sequences.csv', 'test_question_file': 'test_question_sequences.csv', 'test_question_window_file': 'test_question_window_sequences.csv', 'train_valid_original_file_quelevel': 'train_valid_quelevel.csv', 'train_valid_file_quelevel': 'train_valid_sequences_quelevel.csv', 'test_file_quelevel': 'test_sequences_quelevel.csv', 'test_window_file_quelevel': 'test_window_sequences_quelevel.csv', 'test_original_file_quelevel': 'test_quelevel.csv'}, 'ednet5w': {'dpath': '../data/ednet5w', 'num_q': 12235, 'num_c': 188, 'input_type': ['questions', 'concepts'], 'max_concepts': 7, 'min_seq_len': 3, 'maxlen': 200, 'emb_path': '', 'train_valid_original_file': 'train_valid.csv', 'train_valid_file': 'train_valid_sequences.csv', 'folds': [0, 1, 2, 3, 4], 'test_original_file': 'test.csv', 'test_file': 'test_sequences.csv', 'test_window_file': 'test_window_sequences.csv', 'test_question_file': 'test_question_sequences.csv', 'test_question_window_file': 'test_question_window_sequences.csv', 'train_valid_original_file_quelevel': 'train_valid_quelevel.csv', 'train_valid_file_quelevel': 'train_valid_sequences_quelevel.csv', 'test_file_quelevel': 'test_sequences_quelevel.csv', 'test_window_file_quelevel': 'test_window_sequences_quelevel.csv', 'test_original_file_quelevel': 'test_quelevel.csv'}, 'pretrain': {'dpath': '../data/pretrain', 'num_q': 340614, 'num_c': 1838, 'input_type': ['questions', 'concepts'], 'max_concepts': 7, 'min_seq_len': 3, 'maxlen': 1024, 'emb_path': '', 'train_valid_original_file': 'train_valid.csv', 'train_valid_file': 'train_valid_sequences.csv', 'folds': [0, 1, 2, 3, 4], 'test_original_file': 'test.csv', 'test_file': 'test_sequences.csv', 'test_window_file': 'test_window_sequences.csv', 'test_question_file': 'test_question_sequences.csv', 'test_question_window_file': 'test_question_window_sequences.csv', 'train_valid_original_file_quelevel': 'train_valid_quelevel.csv', 'train_valid_file_quelevel': 'train_valid_sequences_quelevel_200.csv', 'test_file_quelevel': 'test_sequences_quelevel.csv', 'test_window_file_quelevel': 'test_window_sequences_quelevel.csv', 'test_original_file_quelevel': 'test_quelevel.csv'}} 0 64
2025-10-18 23:08:09 - main - said: init_dataset
dataset_name:algebra2005
data_config:{'assist2015': {'dpath': '../data/assist2015', 'num_q': 0, 'num_c': 100, 'input_type': ['concepts'], 'max_concepts': 1, 'min_seq_len': 3, 'maxlen': 200, 'emb_path': '', 'train_valid_original_file': 'train_valid.csv', 'train_valid_file': 'train_valid_sequences.csv', 'folds': [0, 1, 2, 3, 4], 'test_original_file': 'test.csv', 'test_file': 'test_sequences.csv', 'test_window_file': 'test_window_sequences.csv', 'train_valid_original_file_quelevel': 'train_valid_quelevel.csv', 'train_valid_file_quelevel': 'train_valid_sequences_quelevel.csv', 'test_file_quelevel': 'test_sequences_quelevel.csv', 'test_window_file_quelevel': 'test_window_sequences_quelevel.csv', 'test_original_file_quelevel': 'test_quelevel.csv'}, 'algebra2005': {'dpath': '../data/algebra2005', 'num_q': 173113, 'num_c': 112, 'input_type': ['questions', 'concepts'], 'max_concepts': 7, 'min_seq_len': 3, 'maxlen': 200, 'emb_path': '', 'train_valid_original_file': 'train_valid.csv', 'train_valid_file': 'train_valid_sequences.csv', 'folds': [0, 1, 2, 3, 4], 'test_original_file': 'test.csv', 'test_file': 'test_sequences.csv', 'test_window_file': 'test_window_sequences.csv', 'test_question_file': 'test_question_sequences.csv', 'test_question_window_file': 'test_question_window_sequences.csv', 'train_valid_original_file_quelevel': 'train_valid_quelevel.csv', 'train_valid_file_quelevel': 'train_valid_sequences_quelevel.csv', 'test_file_quelevel': 'test_sequences_quelevel.csv', 'test_window_file_quelevel': 'test_window_sequences_quelevel.csv', 'test_original_file_quelevel': 'test_quelevel.csv'}, 'assist2009': {'dpath': '../data/assist2009', 'num_q': 17737, 'num_c': 123, 'input_type': ['questions', 'concepts'], 'max_concepts': 4, 'min_seq_len': 3, 'maxlen': 200, 'emb_path': '', 'train_valid_original_file': 'train_valid.csv', 'train_valid_file': 'train_valid_sequences.csv', 'folds': [0, 1, 2, 3, 4], 'test_original_file': 'test.csv', 'test_file': 'test_sequences.csv', 'test_window_file': 'test_window_sequences.csv', 'test_question_file': 'test_question_sequences.csv', 'test_question_window_file': 'test_question_window_sequences.csv', 'train_valid_original_file_quelevel': 'train_valid_quelevel.csv', 'train_valid_file_quelevel': 'train_valid_sequences_quelevel.csv', 'test_file_quelevel': 'test_sequences_quelevel.csv', 'test_window_file_quelevel': 'test_window_sequences_quelevel.csv', 'test_original_file_quelevel': 'test_quelevel.csv'}, 'slepemapy': {'dpath': '../data/slepemapy', 'num_q': 2913, 'num_c': 1458, 'input_type': ['questions', 'concepts'], 'emb_path': '', 'train_valid_original_file': 'train_valid.csv', 'train_valid_file': 'train_valid_sequences.csv', 'folds': [0, 1, 2, 3, 4], 'test_original_file': 'test.csv', 'test_file': 'test_sequences.csv', 'test_window_file': 'test_window_sequences.csv', 'test_question_file': 'test_question_sequences.csv', 'test_question_window_file': 'test_question_window_sequences.csv'}, 'assist2017': {'dpath': '../data/assist2017', 'num_q': 3162, 'num_c': 102, 'input_type': ['questions', 'concepts'], 'min_seq_len': 3, 'maxlen': 200, 'emb_path': '', 'train_valid_original_file': 'train_valid.csv', 'train_valid_file': 'train_valid_sequences.csv', 'folds': [0, 1, 2, 3, 4], 'test_original_file': 'test.csv', 'test_file': 'test_sequences.csv', 'test_window_file': 'test_window_sequences.csv', 'test_question_file': 'test_question_sequences.csv', 'test_question_window_file': 'test_question_window_sequences.csv', 'max_concepts': 1, 'train_valid_original_file_quelevel': 'train_valid_quelevel.csv', 'train_valid_file_quelevel': 'train_valid_sequences_quelevel.csv', 'test_file_quelevel': 'test_sequences_quelevel.csv', 'test_window_file_quelevel': 'test_window_sequences_quelevel.csv', 'test_original_file_quelevel': 'test_quelevel.csv'}, 'assist2012': {'dpath': '../data/assist2012', 'num_q': 53070, 'num_c': 265, 'input_type': ['questions', 'concepts'], 'emb_path': '', 'train_valid_original_file': 'train_valid.csv', 'train_valid_file': 'train_valid_sequences.csv', 'folds': [0, 1, 2, 3, 4], 'test_original_file': 'test.csv', 'test_file': 'test_sequences.csv', 'test_window_file': 'test_window_sequences.csv', 'test_question_file': 'test_question_sequences.csv', 'test_question_window_file': 'test_question_window_sequences.csv'}, 'statics2011': {'dpath': '../data/statics2011', 'num_q': 0, 'num_c': 1223, 'input_type': ['concepts'], 'max_concepts': 1, 'min_seq_len': 3, 'maxlen': 200, 'emb_path': '', 'train_valid_original_file': 'train_valid.csv', 'train_valid_file': 'train_valid_sequences.csv', 'folds': [0, 1, 2, 3, 4], 'test_original_file': 'test.csv', 'test_file': 'test_sequences.csv', 'test_window_file': 'test_window_sequences.csv', 'train_valid_original_file_quelevel': 'train_valid_quelevel.csv', 'train_valid_file_quelevel': 'train_valid_sequences_quelevel.csv', 'test_file_quelevel': 'test_sequences_quelevel.csv', 'test_window_file_quelevel': 'test_window_sequences_quelevel.csv', 'test_original_file_quelevel': 'test_quelevel.csv'}, 'junyi2015': {'dpath': '../data/junyi2015', 'num_q': 721, 'num_c': 39, 'input_type': ['questions', 'concepts'], 'max_concepts': 1, 'min_seq_len': 3, 'maxlen': 200, 'emb_path': '', 'train_valid_original_file': 'train_valid.csv', 'train_valid_file': 'train_valid_sequences.csv', 'folds': [0, 1, 2, 3, 4], 'test_original_file': 'test.csv', 'test_file': 'test_sequences.csv', 'test_window_file': 'test_window_sequences.csv', 'test_question_file': 'test_question_sequences.csv', 'test_question_window_file': 'test_question_window_sequences.csv'}, 'bridge2algebra2006': {'dpath': '../data/bridge2algebra2006', 'num_q': 129263, 'num_c': 493, 'input_type': ['questions', 'concepts'], 'max_concepts': 5, 'min_seq_len': 3, 'maxlen': 200, 'emb_path': '', 'train_valid_original_file': 'train_valid.csv', 'train_valid_file': 'train_valid_sequences.csv', 'folds': [0, 1, 2, 3, 4], 'test_original_file': 'test.csv', 'test_file': 'test_sequences.csv', 'test_window_file': 'test_window_sequences.csv', 'test_question_file': 'test_question_sequences.csv', 'test_question_window_file': 'test_question_window_sequences.csv', 'train_valid_original_file_quelevel': 'train_valid_quelevel.csv', 'train_valid_file_quelevel': 'train_valid_sequences_quelevel.csv', 'test_file_quelevel': 'test_sequences_quelevel.csv', 'test_window_file_quelevel': 'test_window_sequences_quelevel.csv', 'test_original_file_quelevel': 'test_quelevel.csv'}, 'ednet': {'dpath': '../data/ednet', 'num_q': 11901, 'num_c': 188, 'input_type': ['questions', 'concepts'], 'max_concepts': 7, 'min_seq_len': 3, 'maxlen': 200, 'emb_path': '', 'train_valid_original_file': 'train_valid.csv', 'train_valid_file': 'train_valid_sequences.csv', 'folds': [0, 1, 2, 3, 4], 'test_original_file': 'test.csv', 'test_file': 'test_sequences.csv', 'test_window_file': 'test_window_sequences.csv', 'test_question_file': 'test_question_sequences.csv', 'test_question_window_file': 'test_question_window_sequences.csv', 'train_valid_original_file_quelevel': 'train_valid_quelevel.csv', 'train_valid_file_quelevel': 'train_valid_sequences_quelevel.csv', 'test_file_quelevel': 'test_sequences_quelevel.csv', 'test_window_file_quelevel': 'test_window_sequences_quelevel.csv', 'test_original_file_quelevel': 'test_quelevel.csv'}, 'nips_task34': {'dpath': '../data/nips_task34', 'num_q': 948, 'num_c': 57, 'input_type': ['questions', 'concepts'], 'max_concepts': 2, 'min_seq_len': 3, 'maxlen': 200, 'emb_path': '', 'train_valid_original_file': 'train_valid.csv', 'train_valid_file': 'train_valid_sequences.csv', 'folds': [0, 1, 2, 3, 4], 'test_original_file': 'test.csv', 'test_file': 'test_sequences.csv', 'test_window_file': 'test_window_sequences.csv', 'test_question_file': 'test_question_sequences.csv', 'test_question_window_file': 'test_question_window_sequences.csv', 'train_valid_original_file_quelevel': 'train_valid_quelevel.csv', 'train_valid_file_quelevel': 'train_valid_sequences_quelevel.csv', 'test_file_quelevel': 'test_sequences_quelevel.csv', 'test_window_file_quelevel': 'test_window_sequences_quelevel.csv', 'test_original_file_quelevel': 'test_quelevel.csv'}, 'poj': {'dpath': '../data/poj', 'num_q': 0, 'num_c': 2748, 'input_type': ['concepts'], 'max_concepts': 1, 'min_seq_len': 3, 'maxlen': 200, 'emb_path': '', 'train_valid_original_file': 'train_valid.csv', 'train_valid_file': 'train_valid_sequences.csv', 'folds': [0, 1, 2, 3, 4], 'test_original_file': 'test.csv', 'test_file': 'test_sequences.csv', 'test_window_file': 'test_window_sequences.csv', 'train_valid_original_file_quelevel': 'train_valid_quelevel.csv', 'train_valid_file_quelevel': 'train_valid_sequences_quelevel.csv', 'test_file_quelevel': 'test_sequences_quelevel.csv', 'test_window_file_quelevel': 'test_window_sequences_quelevel.csv', 'test_original_file_quelevel': 'test_quelevel.csv'}, 'peiyou': {'dpath': '../data/peiyou', 'num_q': 7652, 'num_c': 865, 'input_type': ['questions', 'concepts'], 'max_concepts': 6, 'min_seq_len': 3, 'maxlen': 200, 'emb_path': '', 'train_valid_file': 'train_valid_sequences.csv', 'folds': [0, 1, 2, 3, 4], 'train_valid_original_file': 'train_valid.csv', 'test_original_file': 'test.csv', 'test_file': 'test_sequences.csv', 'test_window_file': 'test_window_sequences.csv', 'test_question_file': 'test_question_sequences.csv', 'test_question_window_file': 'test_question_window_sequences.csv', 'train_valid_original_file_quelevel': 'train_valid_quelevel.csv', 'train_valid_file_quelevel': 'train_valid_sequences_quelevel.csv', 'test_file_quelevel': 'test_sequences_quelevel.csv', 'test_window_file_quelevel': 'test_window_sequences_quelevel.csv', 'test_original_file_quelevel': 'test_quelevel.csv'}, 'ednet5w': {'dpath': '../data/ednet5w', 'num_q': 12235, 'num_c': 188, 'input_type': ['questions', 'concepts'], 'max_concepts': 7, 'min_seq_len': 3, 'maxlen': 200, 'emb_path': '', 'train_valid_original_file': 'train_valid.csv', 'train_valid_file': 'train_valid_sequences.csv', 'folds': [0, 1, 2, 3, 4], 'test_original_file': 'test.csv', 'test_file': 'test_sequences.csv', 'test_window_file': 'test_window_sequences.csv', 'test_question_file': 'test_question_sequences.csv', 'test_question_window_file': 'test_question_window_sequences.csv', 'train_valid_original_file_quelevel': 'train_valid_quelevel.csv', 'train_valid_file_quelevel': 'train_valid_sequences_quelevel.csv', 'test_file_quelevel': 'test_sequences_quelevel.csv', 'test_window_file_quelevel': 'test_window_sequences_quelevel.csv', 'test_original_file_quelevel': 'test_quelevel.csv'}, 'pretrain': {'dpath': '../data/pretrain', 'num_q': 340614, 'num_c': 1838, 'input_type': ['questions', 'concepts'], 'max_concepts': 7, 'min_seq_len': 3, 'maxlen': 1024, 'emb_path': '', 'train_valid_original_file': 'train_valid.csv', 'train_valid_file': 'train_valid_sequences.csv', 'folds': [0, 1, 2, 3, 4], 'test_original_file': 'test.csv', 'test_file': 'test_sequences.csv', 'test_window_file': 'test_window_sequences.csv', 'test_question_file': 'test_question_sequences.csv', 'test_question_window_file': 'test_question_window_sequences.csv', 'train_valid_original_file_quelevel': 'train_valid_quelevel.csv', 'train_valid_file_quelevel': 'train_valid_sequences_quelevel_200.csv', 'test_file_quelevel': 'test_sequences_quelevel.csv', 'test_window_file_quelevel': 'test_window_sequences_quelevel.csv', 'test_original_file_quelevel': 'test_quelevel.csv'}}
Read data from processed file: ../data/algebra2005/train_valid_sequences.csv_0.pkl
file path: ../data/algebra2005/train_valid_sequences.csv, qlen: 870, clen: 870, rlen: 870
Read data from processed file: ../data/algebra2005/train_valid_sequences.csv_1_2_3_4.pkl
file path: ../data/algebra2005/train_valid_sequences.csv, qlen: 3110, clen: 3110, rlen: 3110
params: {'dataset_name': 'algebra2005', 'model_name': 'akt', 'emb_type': 'qid', 'save_dir': 'saved_model', 'seed': 42, 'fold': 0, 'dropout': 0.2, 'd_model': 256, 'd_ff': 512, 'num_attn_heads': 8, 'n_blocks': 4, 'learning_rate': 0.0001, 'use_wandb': 1, 'add_uuid': 0}, params_str: algebra2005_akt_qid_saved_model_42_0_0.2_256_512_8_4_0.0001_1_0
Start training model: akt, embtype: qid, save_dir: saved_model/algebra2005_akt_qid_saved_model_42_0_0.2_256_512_8_4_0.0001_1_0, dataset_name: algebra2005
model_config: {'dropout': 0.2, 'd_model': 256, 'd_ff': 512, 'num_attn_heads': 8, 'n_blocks': 4, 'learning_rate': 0.0001, 'use_wandb': 1, 'add_uuid': 0}
train_config: {'batch_size': 64, 'num_epochs': 200, 'optimizer': 'adam', 'seq_len': 200}
2025-10-18 23:08:10 - main - said: init_model
model_name:akt
model is AKT(
  (difficult_param): Embedding(173114, 1)
  (q_embed_diff): Embedding(113, 256)
  (qa_embed_diff): Embedding(225, 256)
  (q_embed): Embedding(112, 256)
  (qa_embed): Embedding(2, 256)
  (model): Architecture(
    (blocks_1): ModuleList(
      (0-3): 4 x TransformerLayer(
        (masked_attn_head): MultiHeadAttention(
          (v_linear): Linear(in_features=256, out_features=256, bias=True)
          (k_linear): Linear(in_features=256, out_features=256, bias=True)
          (dropout): Dropout(p=0.2, inplace=False)
          (out_proj): Linear(in_features=256, out_features=256, bias=True)
        )
        (layer_norm1): LayerNorm((256,), eps=1e-05, elementwise_affine=True)
        (dropout1): Dropout(p=0.2, inplace=False)
        (linear1): Linear(in_features=256, out_features=512, bias=True)
        (activation): ReLU()
        (dropout): Dropout(p=0.2, inplace=False)
        (linear2): Linear(in_features=512, out_features=256, bias=True)
        (layer_norm2): LayerNorm((256,), eps=1e-05, elementwise_affine=True)
        (dropout2): Dropout(p=0.2, inplace=False)
      )
    )
    (blocks_2): ModuleList(
      (0-7): 8 x TransformerLayer(
        (masked_attn_head): MultiHeadAttention(
          (v_linear): Linear(in_features=256, out_features=256, bias=True)
          (k_linear): Linear(in_features=256, out_features=256, bias=True)
          (dropout): Dropout(p=0.2, inplace=False)
          (out_proj): Linear(in_features=256, out_features=256, bias=True)
        )
        (layer_norm1): LayerNorm((256,), eps=1e-05, elementwise_affine=True)
        (dropout1): Dropout(p=0.2, inplace=False)
        (linear1): Linear(in_features=256, out_features=512, bias=True)
        (activation): ReLU()
        (dropout): Dropout(p=0.2, inplace=False)
        (linear2): Linear(in_features=512, out_features=256, bias=True)
        (layer_norm2): LayerNorm((256,), eps=1e-05, elementwise_affine=True)
        (dropout2): Dropout(p=0.2, inplace=False)
      )
    )
  )
  (out): Sequential(
    (0): Linear(in_features=512, out_features=512, bias=True)
    (1): ReLU()
    (2): Dropout(p=0.2, inplace=False)
    (3): Linear(in_features=512, out_features=256, bias=True)
    (4): ReLU()
    (5): Dropout(p=0.2, inplace=False)
    (6): Linear(in_features=256, out_features=1, bias=True)
  )
)
2025-10-18 23:08:10 - main - said: train model
ts.shape: (164550,), ps.shape: (164550,)
Epoch: 1, validauc: 0.8691, validacc: 0.8327, best epoch: 1, best auc: 0.8691, train loss: 0.48557311510609785, emb_type: qid, model: akt, save_dir: saved_model/algebra2005_akt_qid_saved_model_42_0_0.2_256_512_8_4_0.0001_1_0
            testauc: -1, testacc: -1, window_testauc: -1, window_testacc: -1
ts.shape: (164550,), ps.shape: (164550,)
Epoch: 2, validauc: 0.8906, validacc: 0.8469, best epoch: 2, best auc: 0.8906, train loss: 0.3687975342583172, emb_type: qid, model: akt, save_dir: saved_model/algebra2005_akt_qid_saved_model_42_0_0.2_256_512_8_4_0.0001_1_0
            testauc: -1, testacc: -1, window_testauc: -1, window_testacc: -1
ts.shape: (164550,), ps.shape: (164550,)
Epoch: 3, validauc: 0.8998, validacc: 0.8509, best epoch: 3, best auc: 0.8998, train loss: 0.3406544376049887, emb_type: qid, model: akt, save_dir: saved_model/algebra2005_akt_qid_saved_model_42_0_0.2_256_512_8_4_0.0001_1_0
            testauc: -1, testacc: -1, window_testauc: -1, window_testacc: -1
ts.shape: (164550,), ps.shape: (164550,)
Epoch: 4, validauc: 0.9045, validacc: 0.8533, best epoch: 4, best auc: 0.9045, train loss: 0.3267906536122017, emb_type: qid, model: akt, save_dir: saved_model/algebra2005_akt_qid_saved_model_42_0_0.2_256_512_8_4_0.0001_1_0
            testauc: -1, testacc: -1, window_testauc: -1, window_testacc: -1
ts.shape: (164550,), ps.shape: (164550,)
Epoch: 5, validauc: 0.907, validacc: 0.8553, best epoch: 5, best auc: 0.907, train loss: 0.31926105605196503, emb_type: qid, model: akt, save_dir: saved_model/algebra2005_akt_qid_saved_model_42_0_0.2_256_512_8_4_0.0001_1_0
            testauc: -1, testacc: -1, window_testauc: -1, window_testacc: -1
ts.shape: (164550,), ps.shape: (164550,)
Epoch: 6, validauc: 0.9089, validacc: 0.8565, best epoch: 6, best auc: 0.9089, train loss: 0.31487533506347387, emb_type: qid, model: akt, save_dir: saved_model/algebra2005_akt_qid_saved_model_42_0_0.2_256_512_8_4_0.0001_1_0
            testauc: -1, testacc: -1, window_testauc: -1, window_testacc: -1
ts.shape: (164550,), ps.shape: (164550,)
Epoch: 7, validauc: 0.9106, validacc: 0.8575, best epoch: 7, best auc: 0.9106, train loss: 0.3118963126280584, emb_type: qid, model: akt, save_dir: saved_model/algebra2005_akt_qid_saved_model_42_0_0.2_256_512_8_4_0.0001_1_0
            testauc: -1, testacc: -1, window_testauc: -1, window_testacc: -1
ts.shape: (164550,), ps.shape: (164550,)
Epoch: 8, validauc: 0.9121, validacc: 0.8583, best epoch: 8, best auc: 0.9121, train loss: 0.30910020959046697, emb_type: qid, model: akt, save_dir: saved_model/algebra2005_akt_qid_saved_model_42_0_0.2_256_512_8_4_0.0001_1_0
            testauc: -1, testacc: -1, window_testauc: -1, window_testacc: -1
ts.shape: (164550,), ps.shape: (164550,)
Epoch: 9, validauc: 0.9136, validacc: 0.8592, best epoch: 9, best auc: 0.9136, train loss: 0.3063132612222165, emb_type: qid, model: akt, save_dir: saved_model/algebra2005_akt_qid_saved_model_42_0_0.2_256_512_8_4_0.0001_1_0
            testauc: -1, testacc: -1, window_testauc: -1, window_testacc: -1
ts.shape: (164550,), ps.shape: (164550,)
Epoch: 10, validauc: 0.9154, validacc: 0.8598, best epoch: 10, best auc: 0.9154, train loss: 0.3039594425390437, emb_type: qid, model: akt, save_dir: saved_model/algebra2005_akt_qid_saved_model_42_0_0.2_256_512_8_4_0.0001_1_0
            testauc: -1, testacc: -1, window_testauc: -1, window_testacc: -1
ts.shape: (164550,), ps.shape: (164550,)
Epoch: 11, validauc: 0.9177, validacc: 0.8606, best epoch: 11, best auc: 0.9177, train loss: 0.3007218844499984, emb_type: qid, model: akt, save_dir: saved_model/algebra2005_akt_qid_saved_model_42_0_0.2_256_512_8_4_0.0001_1_0
            testauc: -1, testacc: -1, window_testauc: -1, window_testacc: -1
ts.shape: (164550,), ps.shape: (164550,)
Epoch: 12, validauc: 0.9217, validacc: 0.8635, best epoch: 12, best auc: 0.9217, train loss: 0.29655206475993545, emb_type: qid, model: akt, save_dir: saved_model/algebra2005_akt_qid_saved_model_42_0_0.2_256_512_8_4_0.0001_1_0
            testauc: -1, testacc: -1, window_testauc: -1, window_testacc: -1
ts.shape: (164550,), ps.shape: (164550,)
Epoch: 13, validauc: 0.9232, validacc: 0.8655, best epoch: 13, best auc: 0.9232, train loss: 0.2916149849456947, emb_type: qid, model: akt, save_dir: saved_model/algebra2005_akt_qid_saved_model_42_0_0.2_256_512_8_4_0.0001_1_0
            testauc: -1, testacc: -1, window_testauc: -1, window_testacc: -1
ts.shape: (164550,), ps.shape: (164550,)
Epoch: 14, validauc: 0.9232, validacc: 0.8655, best epoch: 13, best auc: 0.9232, train loss: 0.2881900971828109, emb_type: qid, model: akt, save_dir: saved_model/algebra2005_akt_qid_saved_model_42_0_0.2_256_512_8_4_0.0001_1_0
            testauc: -1, testacc: -1, window_testauc: -1, window_testacc: -1
ts.shape: (164550,), ps.shape: (164550,)
Epoch: 15, validauc: 0.9243, validacc: 0.8669, best epoch: 15, best auc: 0.9243, train loss: 0.28532742505878883, emb_type: qid, model: akt, save_dir: saved_model/algebra2005_akt_qid_saved_model_42_0_0.2_256_512_8_4_0.0001_1_0
            testauc: -1, testacc: -1, window_testauc: -1, window_testacc: -1
ts.shape: (164550,), ps.shape: (164550,)
Epoch: 16, validauc: 0.9243, validacc: 0.8669, best epoch: 15, best auc: 0.9243, train loss: 0.28167347739696064, emb_type: qid, model: akt, save_dir: saved_model/algebra2005_akt_qid_saved_model_42_0_0.2_256_512_8_4_0.0001_1_0
            testauc: -1, testacc: -1, window_testauc: -1, window_testacc: -1
ts.shape: (164550,), ps.shape: (164550,)
Epoch: 17, validauc: 0.9243, validacc: 0.8669, best epoch: 15, best auc: 0.9243, train loss: 0.2746278563621617, emb_type: qid, model: akt, save_dir: saved_model/algebra2005_akt_qid_saved_model_42_0_0.2_256_512_8_4_0.0001_1_0
            testauc: -1, testacc: -1, window_testauc: -1, window_testacc: -1
ts.shape: (164550,), ps.shape: (164550,)
Epoch: 18, validauc: 0.9243, validacc: 0.8669, best epoch: 15, best auc: 0.9243, train loss: 0.26561957413540915, emb_type: qid, model: akt, save_dir: saved_model/algebra2005_akt_qid_saved_model_42_0_0.2_256_512_8_4_0.0001_1_0
            testauc: -1, testacc: -1, window_testauc: -1, window_testacc: -1
ts.shape: (164550,), ps.shape: (164550,)
Epoch: 19, validauc: 0.9243, validacc: 0.8669, best epoch: 15, best auc: 0.9243, train loss: 0.25373573483597295, emb_type: qid, model: akt, save_dir: saved_model/algebra2005_akt_qid_saved_model_42_0_0.2_256_512_8_4_0.0001_1_0
            testauc: -1, testacc: -1, window_testauc: -1, window_testacc: -1
ts.shape: (164550,), ps.shape: (164550,)
Epoch: 20, validauc: 0.9243, validacc: 0.8669, best epoch: 15, best auc: 0.9243, train loss: 0.2458541719146577, emb_type: qid, model: akt, save_dir: saved_model/algebra2005_akt_qid_saved_model_42_0_0.2_256_512_8_4_0.0001_1_0
            testauc: -1, testacc: -1, window_testauc: -1, window_testacc: -1
ts.shape: (164550,), ps.shape: (164550,)
Epoch: 21, validauc: 0.9243, validacc: 0.8669, best epoch: 15, best auc: 0.9243, train loss: 0.23897838598300647, emb_type: qid, model: akt, save_dir: saved_model/algebra2005_akt_qid_saved_model_42_0_0.2_256_512_8_4_0.0001_1_0
            testauc: -1, testacc: -1, window_testauc: -1, window_testacc: -1
ts.shape: (164550,), ps.shape: (164550,)
Epoch: 22, validauc: 0.9243, validacc: 0.8669, best epoch: 15, best auc: 0.9243, train loss: 0.233922601880153, emb_type: qid, model: akt, save_dir: saved_model/algebra2005_akt_qid_saved_model_42_0_0.2_256_512_8_4_0.0001_1_0
            testauc: -1, testacc: -1, window_testauc: -1, window_testacc: -1
ts.shape: (164550,), ps.shape: (164550,)
Epoch: 23, validauc: 0.9243, validacc: 0.8669, best epoch: 15, best auc: 0.9243, train loss: 0.23128646567695066, emb_type: qid, model: akt, save_dir: saved_model/algebra2005_akt_qid_saved_model_42_0_0.2_256_512_8_4_0.0001_1_0
            testauc: -1, testacc: -1, window_testauc: -1, window_testacc: -1
ts.shape: (164550,), ps.shape: (164550,)
Epoch: 24, validauc: 0.9243, validacc: 0.8669, best epoch: 15, best auc: 0.9243, train loss: 0.22741741075092217, emb_type: qid, model: akt, save_dir: saved_model/algebra2005_akt_qid_saved_model_42_0_0.2_256_512_8_4_0.0001_1_0
            testauc: -1, testacc: -1, window_testauc: -1, window_testacc: -1
ts.shape: (164550,), ps.shape: (164550,)
Epoch: 25, validauc: 0.9243, validacc: 0.8669, best epoch: 15, best auc: 0.9243, train loss: 0.22282207347163732, emb_type: qid, model: akt, save_dir: saved_model/algebra2005_akt_qid_saved_model_42_0_0.2_256_512_8_4_0.0001_1_0
            testauc: -1, testacc: -1, window_testauc: -1, window_testacc: -1
/mnt/localssd/pykt-toolkit/examples/wandb_train.py:146: FutureWarning: You are using `torch.load` with `weights_only=False` (the current default value), which uses the default pickle module implicitly. It is possible to construct malicious pickle data which will execute arbitrary code during unpickling (See https://github.com/pytorch/pytorch/blob/main/SECURITY.md#untrusted-models for more details). In a future release, the default value for `weights_only` will be flipped to `True`. This limits the functions that could be executed during unpickling. Arbitrary objects will no longer be allowed to be loaded via this mode unless they are explicitly allowlisted by the user via `torch.serialization.add_safe_globals`. We recommend you start setting `weights_only=True` for any use case where you don't have full control of the loaded file. Please open an issue on GitHub for any issues related to this experimental feature.
  net = torch.load(os.path.join(ckpt_path, emb_type+"_model.ckpt"))
fold	modelname	embtype	testauc	testacc	window_testauc	window_testacc	validauc	validacc	best_epoch
0	akt	qid	-1	-1	-1	-1	0.9243380477946245	0.8668611364326952	15
end:2025-10-18 23:13:08.796232
[1;34mwandb[0m: 🚀 View run [33mfresh-glitter-30[0m at: [34mhttps://wandb.ai/ywu19-worcester-polytechnic-institute/pykt-toolkit-examples/runs/mg1a8isw[0m
[1;34mwandb[0m: Find logs at: [1;35mwandb/run-20251018_230809-mg1a8isw/logs[0m
