wandb: Using wandb-core as the SDK backend. Please refer to https://wandb.me/wandb-core for more information.
wandb: Currently logged in as: ywu19 (ywu19-worcester-polytechnic-institute). Use `wandb login --relogin` to force relogin
wandb: Tracking run with wandb version 0.18.5
wandb: Run data is saved locally in /mnt/localssd/pykt-toolkit/examples/wandb/run-20251018_230832-uhqluu3n
wandb: Run `wandb offline` to turn off syncing.
wandb: Syncing run skilled-field-34
wandb: ⭐️ View project at https://wandb.ai/ywu19-worcester-polytechnic-institute/pykt-toolkit-examples
wandb: 🚀 View run at https://wandb.ai/ywu19-worcester-polytechnic-institute/pykt-toolkit-examples/runs/uhqluu3n
2025-10-18 23:08:32 - main - said: load config files.
Start init data
bridge2algebra2006 akt {'assist2015': {'dpath': '../data/assist2015', 'num_q': 0, 'num_c': 100, 'input_type': ['concepts'], 'max_concepts': 1, 'min_seq_len': 3, 'maxlen': 200, 'emb_path': '', 'train_valid_original_file': 'train_valid.csv', 'train_valid_file': 'train_valid_sequences.csv', 'folds': [0, 1, 2, 3, 4], 'test_original_file': 'test.csv', 'test_file': 'test_sequences.csv', 'test_window_file': 'test_window_sequences.csv', 'train_valid_original_file_quelevel': 'train_valid_quelevel.csv', 'train_valid_file_quelevel': 'train_valid_sequences_quelevel.csv', 'test_file_quelevel': 'test_sequences_quelevel.csv', 'test_window_file_quelevel': 'test_window_sequences_quelevel.csv', 'test_original_file_quelevel': 'test_quelevel.csv'}, 'algebra2005': {'dpath': '../data/algebra2005', 'num_q': 173113, 'num_c': 112, 'input_type': ['questions', 'concepts'], 'max_concepts': 7, 'min_seq_len': 3, 'maxlen': 200, 'emb_path': '', 'train_valid_original_file': 'train_valid.csv', 'train_valid_file': 'train_valid_sequences.csv', 'folds': [0, 1, 2, 3, 4], 'test_original_file': 'test.csv', 'test_file': 'test_sequences.csv', 'test_window_file': 'test_window_sequences.csv', 'test_question_file': 'test_question_sequences.csv', 'test_question_window_file': 'test_question_window_sequences.csv', 'train_valid_original_file_quelevel': 'train_valid_quelevel.csv', 'train_valid_file_quelevel': 'train_valid_sequences_quelevel.csv', 'test_file_quelevel': 'test_sequences_quelevel.csv', 'test_window_file_quelevel': 'test_window_sequences_quelevel.csv', 'test_original_file_quelevel': 'test_quelevel.csv'}, 'assist2009': {'dpath': '../data/assist2009', 'num_q': 17737, 'num_c': 123, 'input_type': ['questions', 'concepts'], 'max_concepts': 4, 'min_seq_len': 3, 'maxlen': 200, 'emb_path': '', 'train_valid_original_file': 'train_valid.csv', 'train_valid_file': 'train_valid_sequences.csv', 'folds': [0, 1, 2, 3, 4], 'test_original_file': 'test.csv', 'test_file': 'test_sequences.csv', 'test_window_file': 'test_window_sequences.csv', 'test_question_file': 'test_question_sequences.csv', 'test_question_window_file': 'test_question_window_sequences.csv', 'train_valid_original_file_quelevel': 'train_valid_quelevel.csv', 'train_valid_file_quelevel': 'train_valid_sequences_quelevel.csv', 'test_file_quelevel': 'test_sequences_quelevel.csv', 'test_window_file_quelevel': 'test_window_sequences_quelevel.csv', 'test_original_file_quelevel': 'test_quelevel.csv'}, 'slepemapy': {'dpath': '../data/slepemapy', 'num_q': 2913, 'num_c': 1458, 'input_type': ['questions', 'concepts'], 'emb_path': '', 'train_valid_original_file': 'train_valid.csv', 'train_valid_file': 'train_valid_sequences.csv', 'folds': [0, 1, 2, 3, 4], 'test_original_file': 'test.csv', 'test_file': 'test_sequences.csv', 'test_window_file': 'test_window_sequences.csv', 'test_question_file': 'test_question_sequences.csv', 'test_question_window_file': 'test_question_window_sequences.csv'}, 'assist2017': {'dpath': '../data/assist2017', 'num_q': 3162, 'num_c': 102, 'input_type': ['questions', 'concepts'], 'min_seq_len': 3, 'maxlen': 200, 'emb_path': '', 'train_valid_original_file': 'train_valid.csv', 'train_valid_file': 'train_valid_sequences.csv', 'folds': [0, 1, 2, 3, 4], 'test_original_file': 'test.csv', 'test_file': 'test_sequences.csv', 'test_window_file': 'test_window_sequences.csv', 'test_question_file': 'test_question_sequences.csv', 'test_question_window_file': 'test_question_window_sequences.csv', 'max_concepts': 1, 'train_valid_original_file_quelevel': 'train_valid_quelevel.csv', 'train_valid_file_quelevel': 'train_valid_sequences_quelevel.csv', 'test_file_quelevel': 'test_sequences_quelevel.csv', 'test_window_file_quelevel': 'test_window_sequences_quelevel.csv', 'test_original_file_quelevel': 'test_quelevel.csv'}, 'assist2012': {'dpath': '../data/assist2012', 'num_q': 53070, 'num_c': 265, 'input_type': ['questions', 'concepts'], 'emb_path': '', 'train_valid_original_file': 'train_valid.csv', 'train_valid_file': 'train_valid_sequences.csv', 'folds': [0, 1, 2, 3, 4], 'test_original_file': 'test.csv', 'test_file': 'test_sequences.csv', 'test_window_file': 'test_window_sequences.csv', 'test_question_file': 'test_question_sequences.csv', 'test_question_window_file': 'test_question_window_sequences.csv'}, 'statics2011': {'dpath': '../data/statics2011', 'num_q': 0, 'num_c': 1223, 'input_type': ['concepts'], 'max_concepts': 1, 'min_seq_len': 3, 'maxlen': 200, 'emb_path': '', 'train_valid_original_file': 'train_valid.csv', 'train_valid_file': 'train_valid_sequences.csv', 'folds': [0, 1, 2, 3, 4], 'test_original_file': 'test.csv', 'test_file': 'test_sequences.csv', 'test_window_file': 'test_window_sequences.csv', 'train_valid_original_file_quelevel': 'train_valid_quelevel.csv', 'train_valid_file_quelevel': 'train_valid_sequences_quelevel.csv', 'test_file_quelevel': 'test_sequences_quelevel.csv', 'test_window_file_quelevel': 'test_window_sequences_quelevel.csv', 'test_original_file_quelevel': 'test_quelevel.csv'}, 'junyi2015': {'dpath': '../data/junyi2015', 'num_q': 721, 'num_c': 39, 'input_type': ['questions', 'concepts'], 'max_concepts': 1, 'min_seq_len': 3, 'maxlen': 200, 'emb_path': '', 'train_valid_original_file': 'train_valid.csv', 'train_valid_file': 'train_valid_sequences.csv', 'folds': [0, 1, 2, 3, 4], 'test_original_file': 'test.csv', 'test_file': 'test_sequences.csv', 'test_window_file': 'test_window_sequences.csv', 'test_question_file': 'test_question_sequences.csv', 'test_question_window_file': 'test_question_window_sequences.csv'}, 'bridge2algebra2006': {'dpath': '../data/bridge2algebra2006', 'num_q': 129263, 'num_c': 493, 'input_type': ['questions', 'concepts'], 'max_concepts': 5, 'min_seq_len': 3, 'maxlen': 200, 'emb_path': '', 'train_valid_original_file': 'train_valid.csv', 'train_valid_file': 'train_valid_sequences.csv', 'folds': [0, 1, 2, 3, 4], 'test_original_file': 'test.csv', 'test_file': 'test_sequences.csv', 'test_window_file': 'test_window_sequences.csv', 'test_question_file': 'test_question_sequences.csv', 'test_question_window_file': 'test_question_window_sequences.csv', 'train_valid_original_file_quelevel': 'train_valid_quelevel.csv', 'train_valid_file_quelevel': 'train_valid_sequences_quelevel.csv', 'test_file_quelevel': 'test_sequences_quelevel.csv', 'test_window_file_quelevel': 'test_window_sequences_quelevel.csv', 'test_original_file_quelevel': 'test_quelevel.csv'}, 'ednet': {'dpath': '../data/ednet', 'num_q': 11901, 'num_c': 188, 'input_type': ['questions', 'concepts'], 'max_concepts': 7, 'min_seq_len': 3, 'maxlen': 200, 'emb_path': '', 'train_valid_original_file': 'train_valid.csv', 'train_valid_file': 'train_valid_sequences.csv', 'folds': [0, 1, 2, 3, 4], 'test_original_file': 'test.csv', 'test_file': 'test_sequences.csv', 'test_window_file': 'test_window_sequences.csv', 'test_question_file': 'test_question_sequences.csv', 'test_question_window_file': 'test_question_window_sequences.csv', 'train_valid_original_file_quelevel': 'train_valid_quelevel.csv', 'train_valid_file_quelevel': 'train_valid_sequences_quelevel.csv', 'test_file_quelevel': 'test_sequences_quelevel.csv', 'test_window_file_quelevel': 'test_window_sequences_quelevel.csv', 'test_original_file_quelevel': 'test_quelevel.csv'}, 'nips_task34': {'dpath': '../data/nips_task34', 'num_q': 948, 'num_c': 57, 'input_type': ['questions', 'concepts'], 'max_concepts': 2, 'min_seq_len': 3, 'maxlen': 200, 'emb_path': '', 'train_valid_original_file': 'train_valid.csv', 'train_valid_file': 'train_valid_sequences.csv', 'folds': [0, 1, 2, 3, 4], 'test_original_file': 'test.csv', 'test_file': 'test_sequences.csv', 'test_window_file': 'test_window_sequences.csv', 'test_question_file': 'test_question_sequences.csv', 'test_question_window_file': 'test_question_window_sequences.csv', 'train_valid_original_file_quelevel': 'train_valid_quelevel.csv', 'train_valid_file_quelevel': 'train_valid_sequences_quelevel.csv', 'test_file_quelevel': 'test_sequences_quelevel.csv', 'test_window_file_quelevel': 'test_window_sequences_quelevel.csv', 'test_original_file_quelevel': 'test_quelevel.csv'}, 'poj': {'dpath': '../data/poj', 'num_q': 0, 'num_c': 2748, 'input_type': ['concepts'], 'max_concepts': 1, 'min_seq_len': 3, 'maxlen': 200, 'emb_path': '', 'train_valid_original_file': 'train_valid.csv', 'train_valid_file': 'train_valid_sequences.csv', 'folds': [0, 1, 2, 3, 4], 'test_original_file': 'test.csv', 'test_file': 'test_sequences.csv', 'test_window_file': 'test_window_sequences.csv', 'train_valid_original_file_quelevel': 'train_valid_quelevel.csv', 'train_valid_file_quelevel': 'train_valid_sequences_quelevel.csv', 'test_file_quelevel': 'test_sequences_quelevel.csv', 'test_window_file_quelevel': 'test_window_sequences_quelevel.csv', 'test_original_file_quelevel': 'test_quelevel.csv'}, 'peiyou': {'dpath': '../data/peiyou', 'num_q': 7652, 'num_c': 865, 'input_type': ['questions', 'concepts'], 'max_concepts': 6, 'min_seq_len': 3, 'maxlen': 200, 'emb_path': '', 'train_valid_file': 'train_valid_sequences.csv', 'folds': [0, 1, 2, 3, 4], 'train_valid_original_file': 'train_valid.csv', 'test_original_file': 'test.csv', 'test_file': 'test_sequences.csv', 'test_window_file': 'test_window_sequences.csv', 'test_question_file': 'test_question_sequences.csv', 'test_question_window_file': 'test_question_window_sequences.csv', 'train_valid_original_file_quelevel': 'train_valid_quelevel.csv', 'train_valid_file_quelevel': 'train_valid_sequences_quelevel.csv', 'test_file_quelevel': 'test_sequences_quelevel.csv', 'test_window_file_quelevel': 'test_window_sequences_quelevel.csv', 'test_original_file_quelevel': 'test_quelevel.csv'}, 'ednet5w': {'dpath': '../data/ednet5w', 'num_q': 12235, 'num_c': 188, 'input_type': ['questions', 'concepts'], 'max_concepts': 7, 'min_seq_len': 3, 'maxlen': 200, 'emb_path': '', 'train_valid_original_file': 'train_valid.csv', 'train_valid_file': 'train_valid_sequences.csv', 'folds': [0, 1, 2, 3, 4], 'test_original_file': 'test.csv', 'test_file': 'test_sequences.csv', 'test_window_file': 'test_window_sequences.csv', 'test_question_file': 'test_question_sequences.csv', 'test_question_window_file': 'test_question_window_sequences.csv', 'train_valid_original_file_quelevel': 'train_valid_quelevel.csv', 'train_valid_file_quelevel': 'train_valid_sequences_quelevel.csv', 'test_file_quelevel': 'test_sequences_quelevel.csv', 'test_window_file_quelevel': 'test_window_sequences_quelevel.csv', 'test_original_file_quelevel': 'test_quelevel.csv'}, 'pretrain': {'dpath': '../data/pretrain', 'num_q': 340614, 'num_c': 1838, 'input_type': ['questions', 'concepts'], 'max_concepts': 7, 'min_seq_len': 3, 'maxlen': 1024, 'emb_path': '', 'train_valid_original_file': 'train_valid.csv', 'train_valid_file': 'train_valid_sequences.csv', 'folds': [0, 1, 2, 3, 4], 'test_original_file': 'test.csv', 'test_file': 'test_sequences.csv', 'test_window_file': 'test_window_sequences.csv', 'test_question_file': 'test_question_sequences.csv', 'test_question_window_file': 'test_question_window_sequences.csv', 'train_valid_original_file_quelevel': 'train_valid_quelevel.csv', 'train_valid_file_quelevel': 'train_valid_sequences_quelevel_200.csv', 'test_file_quelevel': 'test_sequences_quelevel.csv', 'test_window_file_quelevel': 'test_window_sequences_quelevel.csv', 'test_original_file_quelevel': 'test_quelevel.csv'}} 0 64
2025-10-18 23:08:32 - main - said: init_dataset
dataset_name:bridge2algebra2006
data_config:{'assist2015': {'dpath': '../data/assist2015', 'num_q': 0, 'num_c': 100, 'input_type': ['concepts'], 'max_concepts': 1, 'min_seq_len': 3, 'maxlen': 200, 'emb_path': '', 'train_valid_original_file': 'train_valid.csv', 'train_valid_file': 'train_valid_sequences.csv', 'folds': [0, 1, 2, 3, 4], 'test_original_file': 'test.csv', 'test_file': 'test_sequences.csv', 'test_window_file': 'test_window_sequences.csv', 'train_valid_original_file_quelevel': 'train_valid_quelevel.csv', 'train_valid_file_quelevel': 'train_valid_sequences_quelevel.csv', 'test_file_quelevel': 'test_sequences_quelevel.csv', 'test_window_file_quelevel': 'test_window_sequences_quelevel.csv', 'test_original_file_quelevel': 'test_quelevel.csv'}, 'algebra2005': {'dpath': '../data/algebra2005', 'num_q': 173113, 'num_c': 112, 'input_type': ['questions', 'concepts'], 'max_concepts': 7, 'min_seq_len': 3, 'maxlen': 200, 'emb_path': '', 'train_valid_original_file': 'train_valid.csv', 'train_valid_file': 'train_valid_sequences.csv', 'folds': [0, 1, 2, 3, 4], 'test_original_file': 'test.csv', 'test_file': 'test_sequences.csv', 'test_window_file': 'test_window_sequences.csv', 'test_question_file': 'test_question_sequences.csv', 'test_question_window_file': 'test_question_window_sequences.csv', 'train_valid_original_file_quelevel': 'train_valid_quelevel.csv', 'train_valid_file_quelevel': 'train_valid_sequences_quelevel.csv', 'test_file_quelevel': 'test_sequences_quelevel.csv', 'test_window_file_quelevel': 'test_window_sequences_quelevel.csv', 'test_original_file_quelevel': 'test_quelevel.csv'}, 'assist2009': {'dpath': '../data/assist2009', 'num_q': 17737, 'num_c': 123, 'input_type': ['questions', 'concepts'], 'max_concepts': 4, 'min_seq_len': 3, 'maxlen': 200, 'emb_path': '', 'train_valid_original_file': 'train_valid.csv', 'train_valid_file': 'train_valid_sequences.csv', 'folds': [0, 1, 2, 3, 4], 'test_original_file': 'test.csv', 'test_file': 'test_sequences.csv', 'test_window_file': 'test_window_sequences.csv', 'test_question_file': 'test_question_sequences.csv', 'test_question_window_file': 'test_question_window_sequences.csv', 'train_valid_original_file_quelevel': 'train_valid_quelevel.csv', 'train_valid_file_quelevel': 'train_valid_sequences_quelevel.csv', 'test_file_quelevel': 'test_sequences_quelevel.csv', 'test_window_file_quelevel': 'test_window_sequences_quelevel.csv', 'test_original_file_quelevel': 'test_quelevel.csv'}, 'slepemapy': {'dpath': '../data/slepemapy', 'num_q': 2913, 'num_c': 1458, 'input_type': ['questions', 'concepts'], 'emb_path': '', 'train_valid_original_file': 'train_valid.csv', 'train_valid_file': 'train_valid_sequences.csv', 'folds': [0, 1, 2, 3, 4], 'test_original_file': 'test.csv', 'test_file': 'test_sequences.csv', 'test_window_file': 'test_window_sequences.csv', 'test_question_file': 'test_question_sequences.csv', 'test_question_window_file': 'test_question_window_sequences.csv'}, 'assist2017': {'dpath': '../data/assist2017', 'num_q': 3162, 'num_c': 102, 'input_type': ['questions', 'concepts'], 'min_seq_len': 3, 'maxlen': 200, 'emb_path': '', 'train_valid_original_file': 'train_valid.csv', 'train_valid_file': 'train_valid_sequences.csv', 'folds': [0, 1, 2, 3, 4], 'test_original_file': 'test.csv', 'test_file': 'test_sequences.csv', 'test_window_file': 'test_window_sequences.csv', 'test_question_file': 'test_question_sequences.csv', 'test_question_window_file': 'test_question_window_sequences.csv', 'max_concepts': 1, 'train_valid_original_file_quelevel': 'train_valid_quelevel.csv', 'train_valid_file_quelevel': 'train_valid_sequences_quelevel.csv', 'test_file_quelevel': 'test_sequences_quelevel.csv', 'test_window_file_quelevel': 'test_window_sequences_quelevel.csv', 'test_original_file_quelevel': 'test_quelevel.csv'}, 'assist2012': {'dpath': '../data/assist2012', 'num_q': 53070, 'num_c': 265, 'input_type': ['questions', 'concepts'], 'emb_path': '', 'train_valid_original_file': 'train_valid.csv', 'train_valid_file': 'train_valid_sequences.csv', 'folds': [0, 1, 2, 3, 4], 'test_original_file': 'test.csv', 'test_file': 'test_sequences.csv', 'test_window_file': 'test_window_sequences.csv', 'test_question_file': 'test_question_sequences.csv', 'test_question_window_file': 'test_question_window_sequences.csv'}, 'statics2011': {'dpath': '../data/statics2011', 'num_q': 0, 'num_c': 1223, 'input_type': ['concepts'], 'max_concepts': 1, 'min_seq_len': 3, 'maxlen': 200, 'emb_path': '', 'train_valid_original_file': 'train_valid.csv', 'train_valid_file': 'train_valid_sequences.csv', 'folds': [0, 1, 2, 3, 4], 'test_original_file': 'test.csv', 'test_file': 'test_sequences.csv', 'test_window_file': 'test_window_sequences.csv', 'train_valid_original_file_quelevel': 'train_valid_quelevel.csv', 'train_valid_file_quelevel': 'train_valid_sequences_quelevel.csv', 'test_file_quelevel': 'test_sequences_quelevel.csv', 'test_window_file_quelevel': 'test_window_sequences_quelevel.csv', 'test_original_file_quelevel': 'test_quelevel.csv'}, 'junyi2015': {'dpath': '../data/junyi2015', 'num_q': 721, 'num_c': 39, 'input_type': ['questions', 'concepts'], 'max_concepts': 1, 'min_seq_len': 3, 'maxlen': 200, 'emb_path': '', 'train_valid_original_file': 'train_valid.csv', 'train_valid_file': 'train_valid_sequences.csv', 'folds': [0, 1, 2, 3, 4], 'test_original_file': 'test.csv', 'test_file': 'test_sequences.csv', 'test_window_file': 'test_window_sequences.csv', 'test_question_file': 'test_question_sequences.csv', 'test_question_window_file': 'test_question_window_sequences.csv'}, 'bridge2algebra2006': {'dpath': '../data/bridge2algebra2006', 'num_q': 129263, 'num_c': 493, 'input_type': ['questions', 'concepts'], 'max_concepts': 5, 'min_seq_len': 3, 'maxlen': 200, 'emb_path': '', 'train_valid_original_file': 'train_valid.csv', 'train_valid_file': 'train_valid_sequences.csv', 'folds': [0, 1, 2, 3, 4], 'test_original_file': 'test.csv', 'test_file': 'test_sequences.csv', 'test_window_file': 'test_window_sequences.csv', 'test_question_file': 'test_question_sequences.csv', 'test_question_window_file': 'test_question_window_sequences.csv', 'train_valid_original_file_quelevel': 'train_valid_quelevel.csv', 'train_valid_file_quelevel': 'train_valid_sequences_quelevel.csv', 'test_file_quelevel': 'test_sequences_quelevel.csv', 'test_window_file_quelevel': 'test_window_sequences_quelevel.csv', 'test_original_file_quelevel': 'test_quelevel.csv'}, 'ednet': {'dpath': '../data/ednet', 'num_q': 11901, 'num_c': 188, 'input_type': ['questions', 'concepts'], 'max_concepts': 7, 'min_seq_len': 3, 'maxlen': 200, 'emb_path': '', 'train_valid_original_file': 'train_valid.csv', 'train_valid_file': 'train_valid_sequences.csv', 'folds': [0, 1, 2, 3, 4], 'test_original_file': 'test.csv', 'test_file': 'test_sequences.csv', 'test_window_file': 'test_window_sequences.csv', 'test_question_file': 'test_question_sequences.csv', 'test_question_window_file': 'test_question_window_sequences.csv', 'train_valid_original_file_quelevel': 'train_valid_quelevel.csv', 'train_valid_file_quelevel': 'train_valid_sequences_quelevel.csv', 'test_file_quelevel': 'test_sequences_quelevel.csv', 'test_window_file_quelevel': 'test_window_sequences_quelevel.csv', 'test_original_file_quelevel': 'test_quelevel.csv'}, 'nips_task34': {'dpath': '../data/nips_task34', 'num_q': 948, 'num_c': 57, 'input_type': ['questions', 'concepts'], 'max_concepts': 2, 'min_seq_len': 3, 'maxlen': 200, 'emb_path': '', 'train_valid_original_file': 'train_valid.csv', 'train_valid_file': 'train_valid_sequences.csv', 'folds': [0, 1, 2, 3, 4], 'test_original_file': 'test.csv', 'test_file': 'test_sequences.csv', 'test_window_file': 'test_window_sequences.csv', 'test_question_file': 'test_question_sequences.csv', 'test_question_window_file': 'test_question_window_sequences.csv', 'train_valid_original_file_quelevel': 'train_valid_quelevel.csv', 'train_valid_file_quelevel': 'train_valid_sequences_quelevel.csv', 'test_file_quelevel': 'test_sequences_quelevel.csv', 'test_window_file_quelevel': 'test_window_sequences_quelevel.csv', 'test_original_file_quelevel': 'test_quelevel.csv'}, 'poj': {'dpath': '../data/poj', 'num_q': 0, 'num_c': 2748, 'input_type': ['concepts'], 'max_concepts': 1, 'min_seq_len': 3, 'maxlen': 200, 'emb_path': '', 'train_valid_original_file': 'train_valid.csv', 'train_valid_file': 'train_valid_sequences.csv', 'folds': [0, 1, 2, 3, 4], 'test_original_file': 'test.csv', 'test_file': 'test_sequences.csv', 'test_window_file': 'test_window_sequences.csv', 'train_valid_original_file_quelevel': 'train_valid_quelevel.csv', 'train_valid_file_quelevel': 'train_valid_sequences_quelevel.csv', 'test_file_quelevel': 'test_sequences_quelevel.csv', 'test_window_file_quelevel': 'test_window_sequences_quelevel.csv', 'test_original_file_quelevel': 'test_quelevel.csv'}, 'peiyou': {'dpath': '../data/peiyou', 'num_q': 7652, 'num_c': 865, 'input_type': ['questions', 'concepts'], 'max_concepts': 6, 'min_seq_len': 3, 'maxlen': 200, 'emb_path': '', 'train_valid_file': 'train_valid_sequences.csv', 'folds': [0, 1, 2, 3, 4], 'train_valid_original_file': 'train_valid.csv', 'test_original_file': 'test.csv', 'test_file': 'test_sequences.csv', 'test_window_file': 'test_window_sequences.csv', 'test_question_file': 'test_question_sequences.csv', 'test_question_window_file': 'test_question_window_sequences.csv', 'train_valid_original_file_quelevel': 'train_valid_quelevel.csv', 'train_valid_file_quelevel': 'train_valid_sequences_quelevel.csv', 'test_file_quelevel': 'test_sequences_quelevel.csv', 'test_window_file_quelevel': 'test_window_sequences_quelevel.csv', 'test_original_file_quelevel': 'test_quelevel.csv'}, 'ednet5w': {'dpath': '../data/ednet5w', 'num_q': 12235, 'num_c': 188, 'input_type': ['questions', 'concepts'], 'max_concepts': 7, 'min_seq_len': 3, 'maxlen': 200, 'emb_path': '', 'train_valid_original_file': 'train_valid.csv', 'train_valid_file': 'train_valid_sequences.csv', 'folds': [0, 1, 2, 3, 4], 'test_original_file': 'test.csv', 'test_file': 'test_sequences.csv', 'test_window_file': 'test_window_sequences.csv', 'test_question_file': 'test_question_sequences.csv', 'test_question_window_file': 'test_question_window_sequences.csv', 'train_valid_original_file_quelevel': 'train_valid_quelevel.csv', 'train_valid_file_quelevel': 'train_valid_sequences_quelevel.csv', 'test_file_quelevel': 'test_sequences_quelevel.csv', 'test_window_file_quelevel': 'test_window_sequences_quelevel.csv', 'test_original_file_quelevel': 'test_quelevel.csv'}, 'pretrain': {'dpath': '../data/pretrain', 'num_q': 340614, 'num_c': 1838, 'input_type': ['questions', 'concepts'], 'max_concepts': 7, 'min_seq_len': 3, 'maxlen': 1024, 'emb_path': '', 'train_valid_original_file': 'train_valid.csv', 'train_valid_file': 'train_valid_sequences.csv', 'folds': [0, 1, 2, 3, 4], 'test_original_file': 'test.csv', 'test_file': 'test_sequences.csv', 'test_window_file': 'test_window_sequences.csv', 'test_question_file': 'test_question_sequences.csv', 'test_question_window_file': 'test_question_window_sequences.csv', 'train_valid_original_file_quelevel': 'train_valid_quelevel.csv', 'train_valid_file_quelevel': 'train_valid_sequences_quelevel_200.csv', 'test_file_quelevel': 'test_sequences_quelevel.csv', 'test_window_file_quelevel': 'test_window_sequences_quelevel.csv', 'test_original_file_quelevel': 'test_quelevel.csv'}}
Read data from processed file: ../data/bridge2algebra2006/train_valid_sequences.csv_0.pkl
file path: ../data/bridge2algebra2006/train_valid_sequences.csv, qlen: 1488, clen: 1488, rlen: 1488
Read data from processed file: ../data/bridge2algebra2006/train_valid_sequences.csv_1_2_3_4.pkl
file path: ../data/bridge2algebra2006/train_valid_sequences.csv, qlen: 6307, clen: 6307, rlen: 6307
params: {'dataset_name': 'bridge2algebra2006', 'model_name': 'akt', 'emb_type': 'qid', 'save_dir': 'saved_model', 'seed': 42, 'fold': 0, 'dropout': 0.2, 'd_model': 256, 'd_ff': 512, 'num_attn_heads': 8, 'n_blocks': 4, 'learning_rate': 0.0001, 'use_wandb': 1, 'add_uuid': 0}, params_str: bridge2algebra2006_akt_qid_saved_model_42_0_0.2_256_512_8_4_0.0001_1_0
Start training model: akt, embtype: qid, save_dir: saved_model/bridge2algebra2006_akt_qid_saved_model_42_0_0.2_256_512_8_4_0.0001_1_0, dataset_name: bridge2algebra2006
model_config: {'dropout': 0.2, 'd_model': 256, 'd_ff': 512, 'num_attn_heads': 8, 'n_blocks': 4, 'learning_rate': 0.0001, 'use_wandb': 1, 'add_uuid': 0}
train_config: {'batch_size': 64, 'num_epochs': 200, 'optimizer': 'adam', 'seq_len': 200}
2025-10-18 23:08:38 - main - said: init_model
model_name:akt
model is AKT(
  (difficult_param): Embedding(129264, 1)
  (q_embed_diff): Embedding(494, 256)
  (qa_embed_diff): Embedding(987, 256)
  (q_embed): Embedding(493, 256)
  (qa_embed): Embedding(2, 256)
  (model): Architecture(
    (blocks_1): ModuleList(
      (0-3): 4 x TransformerLayer(
        (masked_attn_head): MultiHeadAttention(
          (v_linear): Linear(in_features=256, out_features=256, bias=True)
          (k_linear): Linear(in_features=256, out_features=256, bias=True)
          (dropout): Dropout(p=0.2, inplace=False)
          (out_proj): Linear(in_features=256, out_features=256, bias=True)
        )
        (layer_norm1): LayerNorm((256,), eps=1e-05, elementwise_affine=True)
        (dropout1): Dropout(p=0.2, inplace=False)
        (linear1): Linear(in_features=256, out_features=512, bias=True)
        (activation): ReLU()
        (dropout): Dropout(p=0.2, inplace=False)
        (linear2): Linear(in_features=512, out_features=256, bias=True)
        (layer_norm2): LayerNorm((256,), eps=1e-05, elementwise_affine=True)
        (dropout2): Dropout(p=0.2, inplace=False)
      )
    )
    (blocks_2): ModuleList(
      (0-7): 8 x TransformerLayer(
        (masked_attn_head): MultiHeadAttention(
          (v_linear): Linear(in_features=256, out_features=256, bias=True)
          (k_linear): Linear(in_features=256, out_features=256, bias=True)
          (dropout): Dropout(p=0.2, inplace=False)
          (out_proj): Linear(in_features=256, out_features=256, bias=True)
        )
        (layer_norm1): LayerNorm((256,), eps=1e-05, elementwise_affine=True)
        (dropout1): Dropout(p=0.2, inplace=False)
        (linear1): Linear(in_features=256, out_features=512, bias=True)
        (activation): ReLU()
        (dropout): Dropout(p=0.2, inplace=False)
        (linear2): Linear(in_features=512, out_features=256, bias=True)
        (layer_norm2): LayerNorm((256,), eps=1e-05, elementwise_affine=True)
        (dropout2): Dropout(p=0.2, inplace=False)
      )
    )
  )
  (out): Sequential(
    (0): Linear(in_features=512, out_features=512, bias=True)
    (1): ReLU()
    (2): Dropout(p=0.2, inplace=False)
    (3): Linear(in_features=512, out_features=256, bias=True)
    (4): ReLU()
    (5): Dropout(p=0.2, inplace=False)
    (6): Linear(in_features=256, out_features=1, bias=True)
  )
)
2025-10-18 23:08:38 - main - said: train model
ts.shape: (277809,), ps.shape: (277809,)
Epoch: 1, validauc: 0.7529, validacc: 0.8367, best epoch: 1, best auc: 0.7529, train loss: 0.4298827002585168, emb_type: qid, model: akt, save_dir: saved_model/bridge2algebra2006_akt_qid_saved_model_42_0_0.2_256_512_8_4_0.0001_1_0
            testauc: -1, testacc: -1, window_testauc: -1, window_testacc: -1
ts.shape: (277809,), ps.shape: (277809,)
Epoch: 2, validauc: 0.7663, validacc: 0.8378, best epoch: 2, best auc: 0.7663, train loss: 0.3948246817166528, emb_type: qid, model: akt, save_dir: saved_model/bridge2algebra2006_akt_qid_saved_model_42_0_0.2_256_512_8_4_0.0001_1_0
            testauc: -1, testacc: -1, window_testauc: -1, window_testacc: -1
ts.shape: (277809,), ps.shape: (277809,)
Epoch: 3, validauc: 0.7733, validacc: 0.8401, best epoch: 3, best auc: 0.7733, train loss: 0.3887447784759332, emb_type: qid, model: akt, save_dir: saved_model/bridge2algebra2006_akt_qid_saved_model_42_0_0.2_256_512_8_4_0.0001_1_0
            testauc: -1, testacc: -1, window_testauc: -1, window_testacc: -1
ts.shape: (277809,), ps.shape: (277809,)
Epoch: 4, validauc: 0.7786, validacc: 0.8413, best epoch: 4, best auc: 0.7786, train loss: 0.38498292408468354, emb_type: qid, model: akt, save_dir: saved_model/bridge2algebra2006_akt_qid_saved_model_42_0_0.2_256_512_8_4_0.0001_1_0
            testauc: -1, testacc: -1, window_testauc: -1, window_testacc: -1
ts.shape: (277809,), ps.shape: (277809,)
Epoch: 5, validauc: 0.7831, validacc: 0.8427, best epoch: 5, best auc: 0.7831, train loss: 0.3814039858184113, emb_type: qid, model: akt, save_dir: saved_model/bridge2algebra2006_akt_qid_saved_model_42_0_0.2_256_512_8_4_0.0001_1_0
            testauc: -1, testacc: -1, window_testauc: -1, window_testacc: -1
ts.shape: (277809,), ps.shape: (277809,)
Epoch: 6, validauc: 0.7875, validacc: 0.8431, best epoch: 6, best auc: 0.7875, train loss: 0.3783683745994887, emb_type: qid, model: akt, save_dir: saved_model/bridge2algebra2006_akt_qid_saved_model_42_0_0.2_256_512_8_4_0.0001_1_0
            testauc: -1, testacc: -1, window_testauc: -1, window_testacc: -1
ts.shape: (277809,), ps.shape: (277809,)
Epoch: 7, validauc: 0.7969, validacc: 0.8448, best epoch: 7, best auc: 0.7969, train loss: 0.37430719405469404, emb_type: qid, model: akt, save_dir: saved_model/bridge2algebra2006_akt_qid_saved_model_42_0_0.2_256_512_8_4_0.0001_1_0
            testauc: -1, testacc: -1, window_testauc: -1, window_testacc: -1
ts.shape: (277809,), ps.shape: (277809,)
Epoch: 8, validauc: 0.8046, validacc: 0.8456, best epoch: 8, best auc: 0.8046, train loss: 0.3681151573537713, emb_type: qid, model: akt, save_dir: saved_model/bridge2algebra2006_akt_qid_saved_model_42_0_0.2_256_512_8_4_0.0001_1_0
            testauc: -1, testacc: -1, window_testauc: -1, window_testacc: -1
ts.shape: (277809,), ps.shape: (277809,)
Epoch: 9, validauc: 0.8068, validacc: 0.847, best epoch: 9, best auc: 0.8068, train loss: 0.36407274243188603, emb_type: qid, model: akt, save_dir: saved_model/bridge2algebra2006_akt_qid_saved_model_42_0_0.2_256_512_8_4_0.0001_1_0
            testauc: -1, testacc: -1, window_testauc: -1, window_testacc: -1
ts.shape: (277809,), ps.shape: (277809,)
Epoch: 10, validauc: 0.8085, validacc: 0.8463, best epoch: 10, best auc: 0.8085, train loss: 0.3609073382323125, emb_type: qid, model: akt, save_dir: saved_model/bridge2algebra2006_akt_qid_saved_model_42_0_0.2_256_512_8_4_0.0001_1_0
            testauc: -1, testacc: -1, window_testauc: -1, window_testacc: -1
ts.shape: (277809,), ps.shape: (277809,)
Epoch: 11, validauc: 0.8105, validacc: 0.8469, best epoch: 11, best auc: 0.8105, train loss: 0.3584682946808046, emb_type: qid, model: akt, save_dir: saved_model/bridge2algebra2006_akt_qid_saved_model_42_0_0.2_256_512_8_4_0.0001_1_0
            testauc: -1, testacc: -1, window_testauc: -1, window_testacc: -1
ts.shape: (277809,), ps.shape: (277809,)
Epoch: 12, validauc: 0.8123, validacc: 0.8472, best epoch: 12, best auc: 0.8123, train loss: 0.3564798688287789, emb_type: qid, model: akt, save_dir: saved_model/bridge2algebra2006_akt_qid_saved_model_42_0_0.2_256_512_8_4_0.0001_1_0
            testauc: -1, testacc: -1, window_testauc: -1, window_testacc: -1
ts.shape: (277809,), ps.shape: (277809,)
Epoch: 13, validauc: 0.814, validacc: 0.849, best epoch: 13, best auc: 0.814, train loss: 0.354398102864856, emb_type: qid, model: akt, save_dir: saved_model/bridge2algebra2006_akt_qid_saved_model_42_0_0.2_256_512_8_4_0.0001_1_0
            testauc: -1, testacc: -1, window_testauc: -1, window_testacc: -1
ts.shape: (277809,), ps.shape: (277809,)
Epoch: 14, validauc: 0.8153, validacc: 0.8487, best epoch: 14, best auc: 0.8153, train loss: 0.35246731219176364, emb_type: qid, model: akt, save_dir: saved_model/bridge2algebra2006_akt_qid_saved_model_42_0_0.2_256_512_8_4_0.0001_1_0
            testauc: -1, testacc: -1, window_testauc: -1, window_testacc: -1
ts.shape: (277809,), ps.shape: (277809,)
Epoch: 15, validauc: 0.8153, validacc: 0.8487, best epoch: 14, best auc: 0.8153, train loss: 0.3500727787798538, emb_type: qid, model: akt, save_dir: saved_model/bridge2algebra2006_akt_qid_saved_model_42_0_0.2_256_512_8_4_0.0001_1_0
            testauc: -1, testacc: -1, window_testauc: -1, window_testacc: -1
ts.shape: (277809,), ps.shape: (277809,)
Epoch: 16, validauc: 0.8153, validacc: 0.8487, best epoch: 14, best auc: 0.8153, train loss: 0.34755923993293725, emb_type: qid, model: akt, save_dir: saved_model/bridge2algebra2006_akt_qid_saved_model_42_0_0.2_256_512_8_4_0.0001_1_0
            testauc: -1, testacc: -1, window_testauc: -1, window_testacc: -1
ts.shape: (277809,), ps.shape: (277809,)
Epoch: 17, validauc: 0.8153, validacc: 0.8487, best epoch: 14, best auc: 0.8153, train loss: 0.3451125436999702, emb_type: qid, model: akt, save_dir: saved_model/bridge2algebra2006_akt_qid_saved_model_42_0_0.2_256_512_8_4_0.0001_1_0
            testauc: -1, testacc: -1, window_testauc: -1, window_testacc: -1
ts.shape: (277809,), ps.shape: (277809,)
Epoch: 18, validauc: 0.8167, validacc: 0.8507, best epoch: 18, best auc: 0.8167, train loss: 0.34278073751291527, emb_type: qid, model: akt, save_dir: saved_model/bridge2algebra2006_akt_qid_saved_model_42_0_0.2_256_512_8_4_0.0001_1_0
            testauc: -1, testacc: -1, window_testauc: -1, window_testacc: -1
ts.shape: (277809,), ps.shape: (277809,)
Epoch: 19, validauc: 0.8167, validacc: 0.8507, best epoch: 18, best auc: 0.8167, train loss: 0.3404517242937017, emb_type: qid, model: akt, save_dir: saved_model/bridge2algebra2006_akt_qid_saved_model_42_0_0.2_256_512_8_4_0.0001_1_0
            testauc: -1, testacc: -1, window_testauc: -1, window_testacc: -1
ts.shape: (277809,), ps.shape: (277809,)
Epoch: 20, validauc: 0.8167, validacc: 0.8507, best epoch: 18, best auc: 0.8167, train loss: 0.33771513777935785, emb_type: qid, model: akt, save_dir: saved_model/bridge2algebra2006_akt_qid_saved_model_42_0_0.2_256_512_8_4_0.0001_1_0
            testauc: -1, testacc: -1, window_testauc: -1, window_testacc: -1
ts.shape: (277809,), ps.shape: (277809,)
Epoch: 21, validauc: 0.8167, validacc: 0.8507, best epoch: 18, best auc: 0.8167, train loss: 0.33526497039492814, emb_type: qid, model: akt, save_dir: saved_model/bridge2algebra2006_akt_qid_saved_model_42_0_0.2_256_512_8_4_0.0001_1_0
            testauc: -1, testacc: -1, window_testauc: -1, window_testacc: -1
ts.shape: (277809,), ps.shape: (277809,)
Epoch: 22, validauc: 0.8167, validacc: 0.8507, best epoch: 18, best auc: 0.8167, train loss: 0.33247979518969606, emb_type: qid, model: akt, save_dir: saved_model/bridge2algebra2006_akt_qid_saved_model_42_0_0.2_256_512_8_4_0.0001_1_0
            testauc: -1, testacc: -1, window_testauc: -1, window_testacc: -1
ts.shape: (277809,), ps.shape: (277809,)
Epoch: 23, validauc: 0.8167, validacc: 0.8507, best epoch: 18, best auc: 0.8167, train loss: 0.33013784341602465, emb_type: qid, model: akt, save_dir: saved_model/bridge2algebra2006_akt_qid_saved_model_42_0_0.2_256_512_8_4_0.0001_1_0
            testauc: -1, testacc: -1, window_testauc: -1, window_testacc: -1
ts.shape: (277809,), ps.shape: (277809,)
Epoch: 24, validauc: 0.8167, validacc: 0.8507, best epoch: 18, best auc: 0.8167, train loss: 0.32808306606439286, emb_type: qid, model: akt, save_dir: saved_model/bridge2algebra2006_akt_qid_saved_model_42_0_0.2_256_512_8_4_0.0001_1_0
            testauc: -1, testacc: -1, window_testauc: -1, window_testacc: -1
ts.shape: (277809,), ps.shape: (277809,)
Epoch: 25, validauc: 0.8167, validacc: 0.8507, best epoch: 18, best auc: 0.8167, train loss: 0.3259574071713465, emb_type: qid, model: akt, save_dir: saved_model/bridge2algebra2006_akt_qid_saved_model_42_0_0.2_256_512_8_4_0.0001_1_0
            testauc: -1, testacc: -1, window_testauc: -1, window_testacc: -1
ts.shape: (277809,), ps.shape: (277809,)
Epoch: 26, validauc: 0.8167, validacc: 0.8507, best epoch: 18, best auc: 0.8167, train loss: 0.323822639599538, emb_type: qid, model: akt, save_dir: saved_model/bridge2algebra2006_akt_qid_saved_model_42_0_0.2_256_512_8_4_0.0001_1_0
            testauc: -1, testacc: -1, window_testauc: -1, window_testacc: -1
ts.shape: (277809,), ps.shape: (277809,)
Epoch: 27, validauc: 0.8167, validacc: 0.8507, best epoch: 18, best auc: 0.8167, train loss: 0.3221134314920402, emb_type: qid, model: akt, save_dir: saved_model/bridge2algebra2006_akt_qid_saved_model_42_0_0.2_256_512_8_4_0.0001_1_0
            testauc: -1, testacc: -1, window_testauc: -1, window_testacc: -1
ts.shape: (277809,), ps.shape: (277809,)
Epoch: 28, validauc: 0.8167, validacc: 0.8507, best epoch: 18, best auc: 0.8167, train loss: 0.3204000066621271, emb_type: qid, model: akt, save_dir: saved_model/bridge2algebra2006_akt_qid_saved_model_42_0_0.2_256_512_8_4_0.0001_1_0
            testauc: -1, testacc: -1, window_testauc: -1, window_testacc: -1
/mnt/localssd/pykt-toolkit/examples/wandb_train.py:146: FutureWarning: You are using `torch.load` with `weights_only=False` (the current default value), which uses the default pickle module implicitly. It is possible to construct malicious pickle data which will execute arbitrary code during unpickling (See https://github.com/pytorch/pytorch/blob/main/SECURITY.md#untrusted-models for more details). In a future release, the default value for `weights_only` will be flipped to `True`. This limits the functions that could be executed during unpickling. Arbitrary objects will no longer be allowed to be loaded via this mode unless they are explicitly allowlisted by the user via `torch.serialization.add_safe_globals`. We recommend you start setting `weights_only=True` for any use case where you don't have full control of the loaded file. Please open an issue on GitHub for any issues related to this experimental feature.
  net = torch.load(os.path.join(ckpt_path, emb_type+"_model.ckpt"))
fold	modelname	embtype	testauc	testacc	window_testauc	window_testacc	validauc	validacc	best_epoch
0	akt	qid	-1	-1	-1	-1	0.8167119647719996	0.8507031809624598	18
end:2025-10-18 23:19:50.510734
[1;34mwandb[0m: 🚀 View run [33mskilled-field-34[0m at: [34mhttps://wandb.ai/ywu19-worcester-polytechnic-institute/pykt-toolkit-examples/runs/uhqluu3n[0m
[1;34mwandb[0m: Find logs at: [1;35mwandb/run-20251018_230832-uhqluu3n/logs[0m
