wandb: Using wandb-core as the SDK backend. Please refer to https://wandb.me/wandb-core for more information.
wandb: Currently logged in as: ywu19 (ywu19-worcester-polytechnic-institute). Use `wandb login --relogin` to force relogin
wandb: - Waiting for wandb.init()...wandb: \ Waiting for wandb.init()...wandb: Tracking run with wandb version 0.18.5
wandb: Run data is saved locally in /mnt/localssd/pykt-toolkit/examples/wandb/run-20251018_230759-0i1d8rfk
wandb: Run `wandb offline` to turn off syncing.
wandb: Syncing run hearty-pyramid-28
wandb: ⭐️ View project at https://wandb.ai/ywu19-worcester-polytechnic-institute/pykt-toolkit-examples
wandb: 🚀 View run at https://wandb.ai/ywu19-worcester-polytechnic-institute/pykt-toolkit-examples/runs/0i1d8rfk
2025-10-18 23:08:01 - main - said: load config files.
Start init data
algebra2005 simplekt {'assist2015': {'dpath': '../data/assist2015', 'num_q': 0, 'num_c': 100, 'input_type': ['concepts'], 'max_concepts': 1, 'min_seq_len': 3, 'maxlen': 200, 'emb_path': '', 'train_valid_original_file': 'train_valid.csv', 'train_valid_file': 'train_valid_sequences.csv', 'folds': [0, 1, 2, 3, 4], 'test_original_file': 'test.csv', 'test_file': 'test_sequences.csv', 'test_window_file': 'test_window_sequences.csv', 'train_valid_original_file_quelevel': 'train_valid_quelevel.csv', 'train_valid_file_quelevel': 'train_valid_sequences_quelevel.csv', 'test_file_quelevel': 'test_sequences_quelevel.csv', 'test_window_file_quelevel': 'test_window_sequences_quelevel.csv', 'test_original_file_quelevel': 'test_quelevel.csv'}, 'algebra2005': {'dpath': '../data/algebra2005', 'num_q': 173113, 'num_c': 112, 'input_type': ['questions', 'concepts'], 'max_concepts': 7, 'min_seq_len': 3, 'maxlen': 200, 'emb_path': '', 'train_valid_original_file': 'train_valid.csv', 'train_valid_file': 'train_valid_sequences.csv', 'folds': [0, 1, 2, 3, 4], 'test_original_file': 'test.csv', 'test_file': 'test_sequences.csv', 'test_window_file': 'test_window_sequences.csv', 'test_question_file': 'test_question_sequences.csv', 'test_question_window_file': 'test_question_window_sequences.csv', 'train_valid_original_file_quelevel': 'train_valid_quelevel.csv', 'train_valid_file_quelevel': 'train_valid_sequences_quelevel.csv', 'test_file_quelevel': 'test_sequences_quelevel.csv', 'test_window_file_quelevel': 'test_window_sequences_quelevel.csv', 'test_original_file_quelevel': 'test_quelevel.csv'}, 'assist2009': {'dpath': '../data/assist2009', 'num_q': 17737, 'num_c': 123, 'input_type': ['questions', 'concepts'], 'max_concepts': 4, 'min_seq_len': 3, 'maxlen': 200, 'emb_path': '', 'train_valid_original_file': 'train_valid.csv', 'train_valid_file': 'train_valid_sequences.csv', 'folds': [0, 1, 2, 3, 4], 'test_original_file': 'test.csv', 'test_file': 'test_sequences.csv', 'test_window_file': 'test_window_sequences.csv', 'test_question_file': 'test_question_sequences.csv', 'test_question_window_file': 'test_question_window_sequences.csv', 'train_valid_original_file_quelevel': 'train_valid_quelevel.csv', 'train_valid_file_quelevel': 'train_valid_sequences_quelevel.csv', 'test_file_quelevel': 'test_sequences_quelevel.csv', 'test_window_file_quelevel': 'test_window_sequences_quelevel.csv', 'test_original_file_quelevel': 'test_quelevel.csv'}, 'slepemapy': {'dpath': '../data/slepemapy', 'num_q': 2913, 'num_c': 1458, 'input_type': ['questions', 'concepts'], 'emb_path': '', 'train_valid_original_file': 'train_valid.csv', 'train_valid_file': 'train_valid_sequences.csv', 'folds': [0, 1, 2, 3, 4], 'test_original_file': 'test.csv', 'test_file': 'test_sequences.csv', 'test_window_file': 'test_window_sequences.csv', 'test_question_file': 'test_question_sequences.csv', 'test_question_window_file': 'test_question_window_sequences.csv'}, 'assist2017': {'dpath': '../data/assist2017', 'num_q': 3162, 'num_c': 102, 'input_type': ['questions', 'concepts'], 'min_seq_len': 3, 'maxlen': 200, 'emb_path': '', 'train_valid_original_file': 'train_valid.csv', 'train_valid_file': 'train_valid_sequences.csv', 'folds': [0, 1, 2, 3, 4], 'test_original_file': 'test.csv', 'test_file': 'test_sequences.csv', 'test_window_file': 'test_window_sequences.csv', 'test_question_file': 'test_question_sequences.csv', 'test_question_window_file': 'test_question_window_sequences.csv', 'max_concepts': 1, 'train_valid_original_file_quelevel': 'train_valid_quelevel.csv', 'train_valid_file_quelevel': 'train_valid_sequences_quelevel.csv', 'test_file_quelevel': 'test_sequences_quelevel.csv', 'test_window_file_quelevel': 'test_window_sequences_quelevel.csv', 'test_original_file_quelevel': 'test_quelevel.csv'}, 'assist2012': {'dpath': '../data/assist2012', 'num_q': 53070, 'num_c': 265, 'input_type': ['questions', 'concepts'], 'emb_path': '', 'train_valid_original_file': 'train_valid.csv', 'train_valid_file': 'train_valid_sequences.csv', 'folds': [0, 1, 2, 3, 4], 'test_original_file': 'test.csv', 'test_file': 'test_sequences.csv', 'test_window_file': 'test_window_sequences.csv', 'test_question_file': 'test_question_sequences.csv', 'test_question_window_file': 'test_question_window_sequences.csv'}, 'statics2011': {'dpath': '../data/statics2011', 'num_q': 0, 'num_c': 1223, 'input_type': ['concepts'], 'max_concepts': 1, 'min_seq_len': 3, 'maxlen': 200, 'emb_path': '', 'train_valid_original_file': 'train_valid.csv', 'train_valid_file': 'train_valid_sequences.csv', 'folds': [0, 1, 2, 3, 4], 'test_original_file': 'test.csv', 'test_file': 'test_sequences.csv', 'test_window_file': 'test_window_sequences.csv', 'train_valid_original_file_quelevel': 'train_valid_quelevel.csv', 'train_valid_file_quelevel': 'train_valid_sequences_quelevel.csv', 'test_file_quelevel': 'test_sequences_quelevel.csv', 'test_window_file_quelevel': 'test_window_sequences_quelevel.csv', 'test_original_file_quelevel': 'test_quelevel.csv'}, 'junyi2015': {'dpath': '../data/junyi2015', 'num_q': 721, 'num_c': 39, 'input_type': ['questions', 'concepts'], 'max_concepts': 1, 'min_seq_len': 3, 'maxlen': 200, 'emb_path': '', 'train_valid_original_file': 'train_valid.csv', 'train_valid_file': 'train_valid_sequences.csv', 'folds': [0, 1, 2, 3, 4], 'test_original_file': 'test.csv', 'test_file': 'test_sequences.csv', 'test_window_file': 'test_window_sequences.csv', 'test_question_file': 'test_question_sequences.csv', 'test_question_window_file': 'test_question_window_sequences.csv'}, 'bridge2algebra2006': {'dpath': '../data/bridge2algebra2006', 'num_q': 129263, 'num_c': 493, 'input_type': ['questions', 'concepts'], 'max_concepts': 5, 'min_seq_len': 3, 'maxlen': 200, 'emb_path': '', 'train_valid_original_file': 'train_valid.csv', 'train_valid_file': 'train_valid_sequences.csv', 'folds': [0, 1, 2, 3, 4], 'test_original_file': 'test.csv', 'test_file': 'test_sequences.csv', 'test_window_file': 'test_window_sequences.csv', 'test_question_file': 'test_question_sequences.csv', 'test_question_window_file': 'test_question_window_sequences.csv', 'train_valid_original_file_quelevel': 'train_valid_quelevel.csv', 'train_valid_file_quelevel': 'train_valid_sequences_quelevel.csv', 'test_file_quelevel': 'test_sequences_quelevel.csv', 'test_window_file_quelevel': 'test_window_sequences_quelevel.csv', 'test_original_file_quelevel': 'test_quelevel.csv'}, 'ednet': {'dpath': '../data/ednet', 'num_q': 11901, 'num_c': 188, 'input_type': ['questions', 'concepts'], 'max_concepts': 7, 'min_seq_len': 3, 'maxlen': 200, 'emb_path': '', 'train_valid_original_file': 'train_valid.csv', 'train_valid_file': 'train_valid_sequences.csv', 'folds': [0, 1, 2, 3, 4], 'test_original_file': 'test.csv', 'test_file': 'test_sequences.csv', 'test_window_file': 'test_window_sequences.csv', 'test_question_file': 'test_question_sequences.csv', 'test_question_window_file': 'test_question_window_sequences.csv', 'train_valid_original_file_quelevel': 'train_valid_quelevel.csv', 'train_valid_file_quelevel': 'train_valid_sequences_quelevel.csv', 'test_file_quelevel': 'test_sequences_quelevel.csv', 'test_window_file_quelevel': 'test_window_sequences_quelevel.csv', 'test_original_file_quelevel': 'test_quelevel.csv'}, 'nips_task34': {'dpath': '../data/nips_task34', 'num_q': 948, 'num_c': 57, 'input_type': ['questions', 'concepts'], 'max_concepts': 2, 'min_seq_len': 3, 'maxlen': 200, 'emb_path': '', 'train_valid_original_file': 'train_valid.csv', 'train_valid_file': 'train_valid_sequences.csv', 'folds': [0, 1, 2, 3, 4], 'test_original_file': 'test.csv', 'test_file': 'test_sequences.csv', 'test_window_file': 'test_window_sequences.csv', 'test_question_file': 'test_question_sequences.csv', 'test_question_window_file': 'test_question_window_sequences.csv', 'train_valid_original_file_quelevel': 'train_valid_quelevel.csv', 'train_valid_file_quelevel': 'train_valid_sequences_quelevel.csv', 'test_file_quelevel': 'test_sequences_quelevel.csv', 'test_window_file_quelevel': 'test_window_sequences_quelevel.csv', 'test_original_file_quelevel': 'test_quelevel.csv'}, 'poj': {'dpath': '../data/poj', 'num_q': 0, 'num_c': 2748, 'input_type': ['concepts'], 'max_concepts': 1, 'min_seq_len': 3, 'maxlen': 200, 'emb_path': '', 'train_valid_original_file': 'train_valid.csv', 'train_valid_file': 'train_valid_sequences.csv', 'folds': [0, 1, 2, 3, 4], 'test_original_file': 'test.csv', 'test_file': 'test_sequences.csv', 'test_window_file': 'test_window_sequences.csv', 'train_valid_original_file_quelevel': 'train_valid_quelevel.csv', 'train_valid_file_quelevel': 'train_valid_sequences_quelevel.csv', 'test_file_quelevel': 'test_sequences_quelevel.csv', 'test_window_file_quelevel': 'test_window_sequences_quelevel.csv', 'test_original_file_quelevel': 'test_quelevel.csv'}, 'peiyou': {'dpath': '../data/peiyou', 'num_q': 7652, 'num_c': 865, 'input_type': ['questions', 'concepts'], 'max_concepts': 6, 'min_seq_len': 3, 'maxlen': 200, 'emb_path': '', 'train_valid_file': 'train_valid_sequences.csv', 'folds': [0, 1, 2, 3, 4], 'train_valid_original_file': 'train_valid.csv', 'test_original_file': 'test.csv', 'test_file': 'test_sequences.csv', 'test_window_file': 'test_window_sequences.csv', 'test_question_file': 'test_question_sequences.csv', 'test_question_window_file': 'test_question_window_sequences.csv', 'train_valid_original_file_quelevel': 'train_valid_quelevel.csv', 'train_valid_file_quelevel': 'train_valid_sequences_quelevel.csv', 'test_file_quelevel': 'test_sequences_quelevel.csv', 'test_window_file_quelevel': 'test_window_sequences_quelevel.csv', 'test_original_file_quelevel': 'test_quelevel.csv'}, 'ednet5w': {'dpath': '../data/ednet5w', 'num_q': 12235, 'num_c': 188, 'input_type': ['questions', 'concepts'], 'max_concepts': 7, 'min_seq_len': 3, 'maxlen': 200, 'emb_path': '', 'train_valid_original_file': 'train_valid.csv', 'train_valid_file': 'train_valid_sequences.csv', 'folds': [0, 1, 2, 3, 4], 'test_original_file': 'test.csv', 'test_file': 'test_sequences.csv', 'test_window_file': 'test_window_sequences.csv', 'test_question_file': 'test_question_sequences.csv', 'test_question_window_file': 'test_question_window_sequences.csv', 'train_valid_original_file_quelevel': 'train_valid_quelevel.csv', 'train_valid_file_quelevel': 'train_valid_sequences_quelevel.csv', 'test_file_quelevel': 'test_sequences_quelevel.csv', 'test_window_file_quelevel': 'test_window_sequences_quelevel.csv', 'test_original_file_quelevel': 'test_quelevel.csv'}, 'pretrain': {'dpath': '../data/pretrain', 'num_q': 340614, 'num_c': 1838, 'input_type': ['questions', 'concepts'], 'max_concepts': 7, 'min_seq_len': 3, 'maxlen': 1024, 'emb_path': '', 'train_valid_original_file': 'train_valid.csv', 'train_valid_file': 'train_valid_sequences.csv', 'folds': [0, 1, 2, 3, 4], 'test_original_file': 'test.csv', 'test_file': 'test_sequences.csv', 'test_window_file': 'test_window_sequences.csv', 'test_question_file': 'test_question_sequences.csv', 'test_question_window_file': 'test_question_window_sequences.csv', 'train_valid_original_file_quelevel': 'train_valid_quelevel.csv', 'train_valid_file_quelevel': 'train_valid_sequences_quelevel_200.csv', 'test_file_quelevel': 'test_sequences_quelevel.csv', 'test_window_file_quelevel': 'test_window_sequences_quelevel.csv', 'test_original_file_quelevel': 'test_quelevel.csv'}} 0 64
2025-10-18 23:08:01 - main - said: init_dataset
dataset_name:algebra2005
data_config:{'assist2015': {'dpath': '../data/assist2015', 'num_q': 0, 'num_c': 100, 'input_type': ['concepts'], 'max_concepts': 1, 'min_seq_len': 3, 'maxlen': 200, 'emb_path': '', 'train_valid_original_file': 'train_valid.csv', 'train_valid_file': 'train_valid_sequences.csv', 'folds': [0, 1, 2, 3, 4], 'test_original_file': 'test.csv', 'test_file': 'test_sequences.csv', 'test_window_file': 'test_window_sequences.csv', 'train_valid_original_file_quelevel': 'train_valid_quelevel.csv', 'train_valid_file_quelevel': 'train_valid_sequences_quelevel.csv', 'test_file_quelevel': 'test_sequences_quelevel.csv', 'test_window_file_quelevel': 'test_window_sequences_quelevel.csv', 'test_original_file_quelevel': 'test_quelevel.csv'}, 'algebra2005': {'dpath': '../data/algebra2005', 'num_q': 173113, 'num_c': 112, 'input_type': ['questions', 'concepts'], 'max_concepts': 7, 'min_seq_len': 3, 'maxlen': 200, 'emb_path': '', 'train_valid_original_file': 'train_valid.csv', 'train_valid_file': 'train_valid_sequences.csv', 'folds': [0, 1, 2, 3, 4], 'test_original_file': 'test.csv', 'test_file': 'test_sequences.csv', 'test_window_file': 'test_window_sequences.csv', 'test_question_file': 'test_question_sequences.csv', 'test_question_window_file': 'test_question_window_sequences.csv', 'train_valid_original_file_quelevel': 'train_valid_quelevel.csv', 'train_valid_file_quelevel': 'train_valid_sequences_quelevel.csv', 'test_file_quelevel': 'test_sequences_quelevel.csv', 'test_window_file_quelevel': 'test_window_sequences_quelevel.csv', 'test_original_file_quelevel': 'test_quelevel.csv'}, 'assist2009': {'dpath': '../data/assist2009', 'num_q': 17737, 'num_c': 123, 'input_type': ['questions', 'concepts'], 'max_concepts': 4, 'min_seq_len': 3, 'maxlen': 200, 'emb_path': '', 'train_valid_original_file': 'train_valid.csv', 'train_valid_file': 'train_valid_sequences.csv', 'folds': [0, 1, 2, 3, 4], 'test_original_file': 'test.csv', 'test_file': 'test_sequences.csv', 'test_window_file': 'test_window_sequences.csv', 'test_question_file': 'test_question_sequences.csv', 'test_question_window_file': 'test_question_window_sequences.csv', 'train_valid_original_file_quelevel': 'train_valid_quelevel.csv', 'train_valid_file_quelevel': 'train_valid_sequences_quelevel.csv', 'test_file_quelevel': 'test_sequences_quelevel.csv', 'test_window_file_quelevel': 'test_window_sequences_quelevel.csv', 'test_original_file_quelevel': 'test_quelevel.csv'}, 'slepemapy': {'dpath': '../data/slepemapy', 'num_q': 2913, 'num_c': 1458, 'input_type': ['questions', 'concepts'], 'emb_path': '', 'train_valid_original_file': 'train_valid.csv', 'train_valid_file': 'train_valid_sequences.csv', 'folds': [0, 1, 2, 3, 4], 'test_original_file': 'test.csv', 'test_file': 'test_sequences.csv', 'test_window_file': 'test_window_sequences.csv', 'test_question_file': 'test_question_sequences.csv', 'test_question_window_file': 'test_question_window_sequences.csv'}, 'assist2017': {'dpath': '../data/assist2017', 'num_q': 3162, 'num_c': 102, 'input_type': ['questions', 'concepts'], 'min_seq_len': 3, 'maxlen': 200, 'emb_path': '', 'train_valid_original_file': 'train_valid.csv', 'train_valid_file': 'train_valid_sequences.csv', 'folds': [0, 1, 2, 3, 4], 'test_original_file': 'test.csv', 'test_file': 'test_sequences.csv', 'test_window_file': 'test_window_sequences.csv', 'test_question_file': 'test_question_sequences.csv', 'test_question_window_file': 'test_question_window_sequences.csv', 'max_concepts': 1, 'train_valid_original_file_quelevel': 'train_valid_quelevel.csv', 'train_valid_file_quelevel': 'train_valid_sequences_quelevel.csv', 'test_file_quelevel': 'test_sequences_quelevel.csv', 'test_window_file_quelevel': 'test_window_sequences_quelevel.csv', 'test_original_file_quelevel': 'test_quelevel.csv'}, 'assist2012': {'dpath': '../data/assist2012', 'num_q': 53070, 'num_c': 265, 'input_type': ['questions', 'concepts'], 'emb_path': '', 'train_valid_original_file': 'train_valid.csv', 'train_valid_file': 'train_valid_sequences.csv', 'folds': [0, 1, 2, 3, 4], 'test_original_file': 'test.csv', 'test_file': 'test_sequences.csv', 'test_window_file': 'test_window_sequences.csv', 'test_question_file': 'test_question_sequences.csv', 'test_question_window_file': 'test_question_window_sequences.csv'}, 'statics2011': {'dpath': '../data/statics2011', 'num_q': 0, 'num_c': 1223, 'input_type': ['concepts'], 'max_concepts': 1, 'min_seq_len': 3, 'maxlen': 200, 'emb_path': '', 'train_valid_original_file': 'train_valid.csv', 'train_valid_file': 'train_valid_sequences.csv', 'folds': [0, 1, 2, 3, 4], 'test_original_file': 'test.csv', 'test_file': 'test_sequences.csv', 'test_window_file': 'test_window_sequences.csv', 'train_valid_original_file_quelevel': 'train_valid_quelevel.csv', 'train_valid_file_quelevel': 'train_valid_sequences_quelevel.csv', 'test_file_quelevel': 'test_sequences_quelevel.csv', 'test_window_file_quelevel': 'test_window_sequences_quelevel.csv', 'test_original_file_quelevel': 'test_quelevel.csv'}, 'junyi2015': {'dpath': '../data/junyi2015', 'num_q': 721, 'num_c': 39, 'input_type': ['questions', 'concepts'], 'max_concepts': 1, 'min_seq_len': 3, 'maxlen': 200, 'emb_path': '', 'train_valid_original_file': 'train_valid.csv', 'train_valid_file': 'train_valid_sequences.csv', 'folds': [0, 1, 2, 3, 4], 'test_original_file': 'test.csv', 'test_file': 'test_sequences.csv', 'test_window_file': 'test_window_sequences.csv', 'test_question_file': 'test_question_sequences.csv', 'test_question_window_file': 'test_question_window_sequences.csv'}, 'bridge2algebra2006': {'dpath': '../data/bridge2algebra2006', 'num_q': 129263, 'num_c': 493, 'input_type': ['questions', 'concepts'], 'max_concepts': 5, 'min_seq_len': 3, 'maxlen': 200, 'emb_path': '', 'train_valid_original_file': 'train_valid.csv', 'train_valid_file': 'train_valid_sequences.csv', 'folds': [0, 1, 2, 3, 4], 'test_original_file': 'test.csv', 'test_file': 'test_sequences.csv', 'test_window_file': 'test_window_sequences.csv', 'test_question_file': 'test_question_sequences.csv', 'test_question_window_file': 'test_question_window_sequences.csv', 'train_valid_original_file_quelevel': 'train_valid_quelevel.csv', 'train_valid_file_quelevel': 'train_valid_sequences_quelevel.csv', 'test_file_quelevel': 'test_sequences_quelevel.csv', 'test_window_file_quelevel': 'test_window_sequences_quelevel.csv', 'test_original_file_quelevel': 'test_quelevel.csv'}, 'ednet': {'dpath': '../data/ednet', 'num_q': 11901, 'num_c': 188, 'input_type': ['questions', 'concepts'], 'max_concepts': 7, 'min_seq_len': 3, 'maxlen': 200, 'emb_path': '', 'train_valid_original_file': 'train_valid.csv', 'train_valid_file': 'train_valid_sequences.csv', 'folds': [0, 1, 2, 3, 4], 'test_original_file': 'test.csv', 'test_file': 'test_sequences.csv', 'test_window_file': 'test_window_sequences.csv', 'test_question_file': 'test_question_sequences.csv', 'test_question_window_file': 'test_question_window_sequences.csv', 'train_valid_original_file_quelevel': 'train_valid_quelevel.csv', 'train_valid_file_quelevel': 'train_valid_sequences_quelevel.csv', 'test_file_quelevel': 'test_sequences_quelevel.csv', 'test_window_file_quelevel': 'test_window_sequences_quelevel.csv', 'test_original_file_quelevel': 'test_quelevel.csv'}, 'nips_task34': {'dpath': '../data/nips_task34', 'num_q': 948, 'num_c': 57, 'input_type': ['questions', 'concepts'], 'max_concepts': 2, 'min_seq_len': 3, 'maxlen': 200, 'emb_path': '', 'train_valid_original_file': 'train_valid.csv', 'train_valid_file': 'train_valid_sequences.csv', 'folds': [0, 1, 2, 3, 4], 'test_original_file': 'test.csv', 'test_file': 'test_sequences.csv', 'test_window_file': 'test_window_sequences.csv', 'test_question_file': 'test_question_sequences.csv', 'test_question_window_file': 'test_question_window_sequences.csv', 'train_valid_original_file_quelevel': 'train_valid_quelevel.csv', 'train_valid_file_quelevel': 'train_valid_sequences_quelevel.csv', 'test_file_quelevel': 'test_sequences_quelevel.csv', 'test_window_file_quelevel': 'test_window_sequences_quelevel.csv', 'test_original_file_quelevel': 'test_quelevel.csv'}, 'poj': {'dpath': '../data/poj', 'num_q': 0, 'num_c': 2748, 'input_type': ['concepts'], 'max_concepts': 1, 'min_seq_len': 3, 'maxlen': 200, 'emb_path': '', 'train_valid_original_file': 'train_valid.csv', 'train_valid_file': 'train_valid_sequences.csv', 'folds': [0, 1, 2, 3, 4], 'test_original_file': 'test.csv', 'test_file': 'test_sequences.csv', 'test_window_file': 'test_window_sequences.csv', 'train_valid_original_file_quelevel': 'train_valid_quelevel.csv', 'train_valid_file_quelevel': 'train_valid_sequences_quelevel.csv', 'test_file_quelevel': 'test_sequences_quelevel.csv', 'test_window_file_quelevel': 'test_window_sequences_quelevel.csv', 'test_original_file_quelevel': 'test_quelevel.csv'}, 'peiyou': {'dpath': '../data/peiyou', 'num_q': 7652, 'num_c': 865, 'input_type': ['questions', 'concepts'], 'max_concepts': 6, 'min_seq_len': 3, 'maxlen': 200, 'emb_path': '', 'train_valid_file': 'train_valid_sequences.csv', 'folds': [0, 1, 2, 3, 4], 'train_valid_original_file': 'train_valid.csv', 'test_original_file': 'test.csv', 'test_file': 'test_sequences.csv', 'test_window_file': 'test_window_sequences.csv', 'test_question_file': 'test_question_sequences.csv', 'test_question_window_file': 'test_question_window_sequences.csv', 'train_valid_original_file_quelevel': 'train_valid_quelevel.csv', 'train_valid_file_quelevel': 'train_valid_sequences_quelevel.csv', 'test_file_quelevel': 'test_sequences_quelevel.csv', 'test_window_file_quelevel': 'test_window_sequences_quelevel.csv', 'test_original_file_quelevel': 'test_quelevel.csv'}, 'ednet5w': {'dpath': '../data/ednet5w', 'num_q': 12235, 'num_c': 188, 'input_type': ['questions', 'concepts'], 'max_concepts': 7, 'min_seq_len': 3, 'maxlen': 200, 'emb_path': '', 'train_valid_original_file': 'train_valid.csv', 'train_valid_file': 'train_valid_sequences.csv', 'folds': [0, 1, 2, 3, 4], 'test_original_file': 'test.csv', 'test_file': 'test_sequences.csv', 'test_window_file': 'test_window_sequences.csv', 'test_question_file': 'test_question_sequences.csv', 'test_question_window_file': 'test_question_window_sequences.csv', 'train_valid_original_file_quelevel': 'train_valid_quelevel.csv', 'train_valid_file_quelevel': 'train_valid_sequences_quelevel.csv', 'test_file_quelevel': 'test_sequences_quelevel.csv', 'test_window_file_quelevel': 'test_window_sequences_quelevel.csv', 'test_original_file_quelevel': 'test_quelevel.csv'}, 'pretrain': {'dpath': '../data/pretrain', 'num_q': 340614, 'num_c': 1838, 'input_type': ['questions', 'concepts'], 'max_concepts': 7, 'min_seq_len': 3, 'maxlen': 1024, 'emb_path': '', 'train_valid_original_file': 'train_valid.csv', 'train_valid_file': 'train_valid_sequences.csv', 'folds': [0, 1, 2, 3, 4], 'test_original_file': 'test.csv', 'test_file': 'test_sequences.csv', 'test_window_file': 'test_window_sequences.csv', 'test_question_file': 'test_question_sequences.csv', 'test_question_window_file': 'test_question_window_sequences.csv', 'train_valid_original_file_quelevel': 'train_valid_quelevel.csv', 'train_valid_file_quelevel': 'train_valid_sequences_quelevel_200.csv', 'test_file_quelevel': 'test_sequences_quelevel.csv', 'test_window_file_quelevel': 'test_window_sequences_quelevel.csv', 'test_original_file_quelevel': 'test_quelevel.csv'}}
Start preprocessing ../data/algebra2005/train_valid_sequences.csv fold: _0...
/mnt/localssd/pykt-toolkit/pykt/datasets/data_loader.py:151: UserWarning: The torch.cuda.*DtypeTensor constructors are no longer recommended. It's best to use methods such as torch.tensor(data, dtype=*, device='cuda') to create tensors. (Triggered internally at ../torch/csrc/tensor/python_tensor.cpp:78.)
  dori[key] = LongTensor(dori[key])
interaction_num: 165420
file path: ../data/algebra2005/train_valid_sequences.csv, qlen: 870, clen: 870, rlen: 870
Start preprocessing ../data/algebra2005/train_valid_sequences.csv fold: _1_2_3_4...
interaction_num: 583272
file path: ../data/algebra2005/train_valid_sequences.csv, qlen: 3110, clen: 3110, rlen: 3110
params: {'dataset_name': 'algebra2005', 'model_name': 'simplekt', 'emb_type': 'qid', 'save_dir': 'saved_model', 'seed': 42, 'fold': 0, 'dropout': 0.1, 'final_fc_dim': 256, 'final_fc_dim2': 256, 'num_layers': 2, 'nheads': 4, 'loss1': 0.5, 'loss2': 0.5, 'loss3': 0.5, 'start': 50, 'd_model': 256, 'd_ff': 256, 'num_attn_heads': 4, 'n_blocks': 2, 'learning_rate': 0.0001, 'use_wandb': 1, 'add_uuid': 0}, params_str: algebra2005_simplekt_qid_saved_model_42_0_0.1_256_256_2_4_0.5_0.5_0.5_50_256_256_4_2_0.0001_1_0
Start training model: simplekt, embtype: qid, save_dir: saved_model/algebra2005_simplekt_qid_saved_model_42_0_0.1_256_256_2_4_0.5_0.5_0.5_50_256_256_4_2_0.0001_1_0, dataset_name: algebra2005
model_config: {'dropout': 0.1, 'final_fc_dim': 256, 'final_fc_dim2': 256, 'num_layers': 2, 'nheads': 4, 'loss1': 0.5, 'loss2': 0.5, 'loss3': 0.5, 'start': 50, 'd_model': 256, 'd_ff': 256, 'num_attn_heads': 4, 'n_blocks': 2, 'learning_rate': 0.0001, 'use_wandb': 1, 'add_uuid': 0}
train_config: {'batch_size': 64, 'num_epochs': 200, 'optimizer': 'adam', 'seq_len': 200}
2025-10-18 23:08:03 - main - said: init_model
model_name:simplekt
model_name: simplekt, emb_type: qid
model is simpleKT(
  (difficult_param): Embedding(173114, 256)
  (q_embed_diff): Embedding(113, 256)
  (qa_embed_diff): Embedding(225, 256)
  (q_embed): Embedding(112, 256)
  (qa_embed): Embedding(2, 256)
  (model): Architecture(
    (blocks_2): ModuleList(
      (0-1): 2 x TransformerLayer(
        (masked_attn_head): MultiHeadAttention(
          (v_linear): Linear(in_features=256, out_features=256, bias=True)
          (k_linear): Linear(in_features=256, out_features=256, bias=True)
          (dropout): Dropout(p=0.1, inplace=False)
          (out_proj): Linear(in_features=256, out_features=256, bias=True)
        )
        (layer_norm1): LayerNorm((256,), eps=1e-05, elementwise_affine=True)
        (dropout1): Dropout(p=0.1, inplace=False)
        (linear1): Linear(in_features=256, out_features=256, bias=True)
        (activation): ReLU()
        (dropout): Dropout(p=0.1, inplace=False)
        (linear2): Linear(in_features=256, out_features=256, bias=True)
        (layer_norm2): LayerNorm((256,), eps=1e-05, elementwise_affine=True)
        (dropout2): Dropout(p=0.1, inplace=False)
      )
    )
    (position_emb): CosinePositionalEmbedding()
  )
  (out): Sequential(
    (0): Linear(in_features=512, out_features=256, bias=True)
    (1): ReLU()
    (2): Dropout(p=0.1, inplace=False)
    (3): Linear(in_features=256, out_features=256, bias=True)
    (4): ReLU()
    (5): Dropout(p=0.1, inplace=False)
    (6): Linear(in_features=256, out_features=1, bias=True)
  )
)
2025-10-18 23:08:03 - main - said: train model
ts.shape: (164550,), ps.shape: (164550,)
Epoch: 1, validauc: 0.7729, validacc: 0.7507, best epoch: 1, best auc: 0.7729, train loss: 0.5540655633141652, emb_type: qid, model: simplekt, save_dir: saved_model/algebra2005_simplekt_qid_saved_model_42_0_0.1_256_256_2_4_0.5_0.5_0.5_50_256_256_4_2_0.0001_1_0
            testauc: -1, testacc: -1, window_testauc: -1, window_testacc: -1
ts.shape: (164550,), ps.shape: (164550,)
Epoch: 2, validauc: 0.8159, validacc: 0.7852, best epoch: 2, best auc: 0.8159, train loss: 0.48388361754139997, emb_type: qid, model: simplekt, save_dir: saved_model/algebra2005_simplekt_qid_saved_model_42_0_0.1_256_256_2_4_0.5_0.5_0.5_50_256_256_4_2_0.0001_1_0
            testauc: -1, testacc: -1, window_testauc: -1, window_testacc: -1
ts.shape: (164550,), ps.shape: (164550,)
Epoch: 3, validauc: 0.8592, validacc: 0.8187, best epoch: 3, best auc: 0.8592, train loss: 0.4349681205607028, emb_type: qid, model: simplekt, save_dir: saved_model/algebra2005_simplekt_qid_saved_model_42_0_0.1_256_256_2_4_0.5_0.5_0.5_50_256_256_4_2_0.0001_1_0
            testauc: -1, testacc: -1, window_testauc: -1, window_testacc: -1
ts.shape: (164550,), ps.shape: (164550,)
Epoch: 4, validauc: 0.8772, validacc: 0.8294, best epoch: 4, best auc: 0.8772, train loss: 0.389486212815527, emb_type: qid, model: simplekt, save_dir: saved_model/algebra2005_simplekt_qid_saved_model_42_0_0.1_256_256_2_4_0.5_0.5_0.5_50_256_256_4_2_0.0001_1_0
            testauc: -1, testacc: -1, window_testauc: -1, window_testacc: -1
ts.shape: (164550,), ps.shape: (164550,)
Epoch: 5, validauc: 0.8855, validacc: 0.8339, best epoch: 5, best auc: 0.8855, train loss: 0.3646249306513387, emb_type: qid, model: simplekt, save_dir: saved_model/algebra2005_simplekt_qid_saved_model_42_0_0.1_256_256_2_4_0.5_0.5_0.5_50_256_256_4_2_0.0001_1_0
            testauc: -1, testacc: -1, window_testauc: -1, window_testacc: -1
ts.shape: (164550,), ps.shape: (164550,)
Epoch: 6, validauc: 0.8907, validacc: 0.838, best epoch: 6, best auc: 0.8907, train loss: 0.3503139363976826, emb_type: qid, model: simplekt, save_dir: saved_model/algebra2005_simplekt_qid_saved_model_42_0_0.1_256_256_2_4_0.5_0.5_0.5_50_256_256_4_2_0.0001_1_0
            testauc: -1, testacc: -1, window_testauc: -1, window_testacc: -1
ts.shape: (164550,), ps.shape: (164550,)
Epoch: 7, validauc: 0.8944, validacc: 0.8421, best epoch: 7, best auc: 0.8944, train loss: 0.34068998976105197, emb_type: qid, model: simplekt, save_dir: saved_model/algebra2005_simplekt_qid_saved_model_42_0_0.1_256_256_2_4_0.5_0.5_0.5_50_256_256_4_2_0.0001_1_0
            testauc: -1, testacc: -1, window_testauc: -1, window_testacc: -1
ts.shape: (164550,), ps.shape: (164550,)
Epoch: 8, validauc: 0.8982, validacc: 0.8451, best epoch: 8, best auc: 0.8982, train loss: 0.33339667152917635, emb_type: qid, model: simplekt, save_dir: saved_model/algebra2005_simplekt_qid_saved_model_42_0_0.1_256_256_2_4_0.5_0.5_0.5_50_256_256_4_2_0.0001_1_0
            testauc: -1, testacc: -1, window_testauc: -1, window_testacc: -1
ts.shape: (164550,), ps.shape: (164550,)
Epoch: 9, validauc: 0.9017, validacc: 0.8479, best epoch: 9, best auc: 0.9017, train loss: 0.32701916918163265, emb_type: qid, model: simplekt, save_dir: saved_model/algebra2005_simplekt_qid_saved_model_42_0_0.1_256_256_2_4_0.5_0.5_0.5_50_256_256_4_2_0.0001_1_0
            testauc: -1, testacc: -1, window_testauc: -1, window_testacc: -1
ts.shape: (164550,), ps.shape: (164550,)
Epoch: 10, validauc: 0.9051, validacc: 0.8509, best epoch: 10, best auc: 0.9051, train loss: 0.3205585904504038, emb_type: qid, model: simplekt, save_dir: saved_model/algebra2005_simplekt_qid_saved_model_42_0_0.1_256_256_2_4_0.5_0.5_0.5_50_256_256_4_2_0.0001_1_0
            testauc: -1, testacc: -1, window_testauc: -1, window_testacc: -1
ts.shape: (164550,), ps.shape: (164550,)
Epoch: 11, validauc: 0.909, validacc: 0.8533, best epoch: 11, best auc: 0.909, train loss: 0.31417844900327335, emb_type: qid, model: simplekt, save_dir: saved_model/algebra2005_simplekt_qid_saved_model_42_0_0.1_256_256_2_4_0.5_0.5_0.5_50_256_256_4_2_0.0001_1_0
            testauc: -1, testacc: -1, window_testauc: -1, window_testacc: -1
ts.shape: (164550,), ps.shape: (164550,)
Epoch: 12, validauc: 0.9129, validacc: 0.855, best epoch: 12, best auc: 0.9129, train loss: 0.3076565867260895, emb_type: qid, model: simplekt, save_dir: saved_model/algebra2005_simplekt_qid_saved_model_42_0_0.1_256_256_2_4_0.5_0.5_0.5_50_256_256_4_2_0.0001_1_0
            testauc: -1, testacc: -1, window_testauc: -1, window_testacc: -1
ts.shape: (164550,), ps.shape: (164550,)
Epoch: 13, validauc: 0.9159, validacc: 0.8573, best epoch: 13, best auc: 0.9159, train loss: 0.30032911026211556, emb_type: qid, model: simplekt, save_dir: saved_model/algebra2005_simplekt_qid_saved_model_42_0_0.1_256_256_2_4_0.5_0.5_0.5_50_256_256_4_2_0.0001_1_0
            testauc: -1, testacc: -1, window_testauc: -1, window_testacc: -1
ts.shape: (164550,), ps.shape: (164550,)
Epoch: 14, validauc: 0.9184, validacc: 0.8595, best epoch: 14, best auc: 0.9184, train loss: 0.2936391273834453, emb_type: qid, model: simplekt, save_dir: saved_model/algebra2005_simplekt_qid_saved_model_42_0_0.1_256_256_2_4_0.5_0.5_0.5_50_256_256_4_2_0.0001_1_0
            testauc: -1, testacc: -1, window_testauc: -1, window_testacc: -1
ts.shape: (164550,), ps.shape: (164550,)
Epoch: 15, validauc: 0.9204, validacc: 0.8625, best epoch: 15, best auc: 0.9204, train loss: 0.28728199416967143, emb_type: qid, model: simplekt, save_dir: saved_model/algebra2005_simplekt_qid_saved_model_42_0_0.1_256_256_2_4_0.5_0.5_0.5_50_256_256_4_2_0.0001_1_0
            testauc: -1, testacc: -1, window_testauc: -1, window_testacc: -1
ts.shape: (164550,), ps.shape: (164550,)
Epoch: 16, validauc: 0.9219, validacc: 0.8644, best epoch: 16, best auc: 0.9219, train loss: 0.2807019954189778, emb_type: qid, model: simplekt, save_dir: saved_model/algebra2005_simplekt_qid_saved_model_42_0_0.1_256_256_2_4_0.5_0.5_0.5_50_256_256_4_2_0.0001_1_0
            testauc: -1, testacc: -1, window_testauc: -1, window_testacc: -1
ts.shape: (164550,), ps.shape: (164550,)
Epoch: 17, validauc: 0.9219, validacc: 0.8644, best epoch: 16, best auc: 0.9219, train loss: 0.2735114146928014, emb_type: qid, model: simplekt, save_dir: saved_model/algebra2005_simplekt_qid_saved_model_42_0_0.1_256_256_2_4_0.5_0.5_0.5_50_256_256_4_2_0.0001_1_0
            testauc: -1, testacc: -1, window_testauc: -1, window_testacc: -1
ts.shape: (164550,), ps.shape: (164550,)
Epoch: 18, validauc: 0.9237, validacc: 0.8673, best epoch: 18, best auc: 0.9237, train loss: 0.2672563281620202, emb_type: qid, model: simplekt, save_dir: saved_model/algebra2005_simplekt_qid_saved_model_42_0_0.1_256_256_2_4_0.5_0.5_0.5_50_256_256_4_2_0.0001_1_0
            testauc: -1, testacc: -1, window_testauc: -1, window_testacc: -1
ts.shape: (164550,), ps.shape: (164550,)
Epoch: 19, validauc: 0.9237, validacc: 0.8673, best epoch: 18, best auc: 0.9237, train loss: 0.25988027627131655, emb_type: qid, model: simplekt, save_dir: saved_model/algebra2005_simplekt_qid_saved_model_42_0_0.1_256_256_2_4_0.5_0.5_0.5_50_256_256_4_2_0.0001_1_0
            testauc: -1, testacc: -1, window_testauc: -1, window_testacc: -1
ts.shape: (164550,), ps.shape: (164550,)
Epoch: 20, validauc: 0.9237, validacc: 0.8673, best epoch: 18, best auc: 0.9237, train loss: 0.2528526200412522, emb_type: qid, model: simplekt, save_dir: saved_model/algebra2005_simplekt_qid_saved_model_42_0_0.1_256_256_2_4_0.5_0.5_0.5_50_256_256_4_2_0.0001_1_0
            testauc: -1, testacc: -1, window_testauc: -1, window_testacc: -1
ts.shape: (164550,), ps.shape: (164550,)
Epoch: 21, validauc: 0.9237, validacc: 0.8673, best epoch: 18, best auc: 0.9237, train loss: 0.2453372432830143, emb_type: qid, model: simplekt, save_dir: saved_model/algebra2005_simplekt_qid_saved_model_42_0_0.1_256_256_2_4_0.5_0.5_0.5_50_256_256_4_2_0.0001_1_0
            testauc: -1, testacc: -1, window_testauc: -1, window_testacc: -1
ts.shape: (164550,), ps.shape: (164550,)
Epoch: 22, validauc: 0.9237, validacc: 0.8673, best epoch: 18, best auc: 0.9237, train loss: 0.2374326066944211, emb_type: qid, model: simplekt, save_dir: saved_model/algebra2005_simplekt_qid_saved_model_42_0_0.1_256_256_2_4_0.5_0.5_0.5_50_256_256_4_2_0.0001_1_0
            testauc: -1, testacc: -1, window_testauc: -1, window_testacc: -1
ts.shape: (164550,), ps.shape: (164550,)
Epoch: 23, validauc: 0.9237, validacc: 0.8673, best epoch: 18, best auc: 0.9237, train loss: 0.22968413409607172, emb_type: qid, model: simplekt, save_dir: saved_model/algebra2005_simplekt_qid_saved_model_42_0_0.1_256_256_2_4_0.5_0.5_0.5_50_256_256_4_2_0.0001_1_0
            testauc: -1, testacc: -1, window_testauc: -1, window_testacc: -1
ts.shape: (164550,), ps.shape: (164550,)
Epoch: 24, validauc: 0.9237, validacc: 0.8673, best epoch: 18, best auc: 0.9237, train loss: 0.22297660069647535, emb_type: qid, model: simplekt, save_dir: saved_model/algebra2005_simplekt_qid_saved_model_42_0_0.1_256_256_2_4_0.5_0.5_0.5_50_256_256_4_2_0.0001_1_0
            testauc: -1, testacc: -1, window_testauc: -1, window_testacc: -1
ts.shape: (164550,), ps.shape: (164550,)
Epoch: 25, validauc: 0.9237, validacc: 0.8673, best epoch: 18, best auc: 0.9237, train loss: 0.21647717976208714, emb_type: qid, model: simplekt, save_dir: saved_model/algebra2005_simplekt_qid_saved_model_42_0_0.1_256_256_2_4_0.5_0.5_0.5_50_256_256_4_2_0.0001_1_0
            testauc: -1, testacc: -1, window_testauc: -1, window_testacc: -1
ts.shape: (164550,), ps.shape: (164550,)
Epoch: 26, validauc: 0.9237, validacc: 0.8673, best epoch: 18, best auc: 0.9237, train loss: 0.21096443070131868, emb_type: qid, model: simplekt, save_dir: saved_model/algebra2005_simplekt_qid_saved_model_42_0_0.1_256_256_2_4_0.5_0.5_0.5_50_256_256_4_2_0.0001_1_0
            testauc: -1, testacc: -1, window_testauc: -1, window_testacc: -1
ts.shape: (164550,), ps.shape: (164550,)
Epoch: 27, validauc: 0.9237, validacc: 0.8673, best epoch: 18, best auc: 0.9237, train loss: 0.20722332317770223, emb_type: qid, model: simplekt, save_dir: saved_model/algebra2005_simplekt_qid_saved_model_42_0_0.1_256_256_2_4_0.5_0.5_0.5_50_256_256_4_2_0.0001_1_0
            testauc: -1, testacc: -1, window_testauc: -1, window_testacc: -1
ts.shape: (164550,), ps.shape: (164550,)
Epoch: 28, validauc: 0.9237, validacc: 0.8673, best epoch: 18, best auc: 0.9237, train loss: 0.20297271296606564, emb_type: qid, model: simplekt, save_dir: saved_model/algebra2005_simplekt_qid_saved_model_42_0_0.1_256_256_2_4_0.5_0.5_0.5_50_256_256_4_2_0.0001_1_0
            testauc: -1, testacc: -1, window_testauc: -1, window_testacc: -1
model_name: simplekt, emb_type: qid
/mnt/localssd/pykt-toolkit/examples/wandb_train.py:146: FutureWarning: You are using `torch.load` with `weights_only=False` (the current default value), which uses the default pickle module implicitly. It is possible to construct malicious pickle data which will execute arbitrary code during unpickling (See https://github.com/pytorch/pytorch/blob/main/SECURITY.md#untrusted-models for more details). In a future release, the default value for `weights_only` will be flipped to `True`. This limits the functions that could be executed during unpickling. Arbitrary objects will no longer be allowed to be loaded via this mode unless they are explicitly allowlisted by the user via `torch.serialization.add_safe_globals`. We recommend you start setting `weights_only=True` for any use case where you don't have full control of the loaded file. Please open an issue on GitHub for any issues related to this experimental feature.
  net = torch.load(os.path.join(ckpt_path, emb_type+"_model.ckpt"))
fold	modelname	embtype	testauc	testacc	window_testauc	window_testacc	validauc	validacc	best_epoch
0	simplekt	qid	-1	-1	-1	-1	0.9237322131252287	0.8672683075053176	18
end:2025-10-18 23:09:33.345067
[1;34mwandb[0m: 🚀 View run [33mhearty-pyramid-28[0m at: [34mhttps://wandb.ai/ywu19-worcester-polytechnic-institute/pykt-toolkit-examples/runs/0i1d8rfk[0m
[1;34mwandb[0m: Find logs at: [1;35mwandb/run-20251018_230759-0i1d8rfk/logs[0m
