wandb: Using wandb-core as the SDK backend. Please refer to https://wandb.me/wandb-core for more information.
wandb: Currently logged in as: ywu19 (ywu19-worcester-polytechnic-institute). Use `wandb login --relogin` to force relogin
wandb: Tracking run with wandb version 0.18.5
wandb: Run data is saved locally in /mnt/localssd/pykt-toolkit/examples/wandb/run-20251018_230824-qn0saeol
wandb: Run `wandb offline` to turn off syncing.
wandb: Syncing run jumping-dew-33
wandb: ⭐️ View project at https://wandb.ai/ywu19-worcester-polytechnic-institute/pykt-toolkit-examples
wandb: 🚀 View run at https://wandb.ai/ywu19-worcester-polytechnic-institute/pykt-toolkit-examples/runs/qn0saeol
2025-10-18 23:08:25 - main - said: load config files.
Start init data
bridge2algebra2006 dkt {'assist2015': {'dpath': '../data/assist2015', 'num_q': 0, 'num_c': 100, 'input_type': ['concepts'], 'max_concepts': 1, 'min_seq_len': 3, 'maxlen': 200, 'emb_path': '', 'train_valid_original_file': 'train_valid.csv', 'train_valid_file': 'train_valid_sequences.csv', 'folds': [0, 1, 2, 3, 4], 'test_original_file': 'test.csv', 'test_file': 'test_sequences.csv', 'test_window_file': 'test_window_sequences.csv', 'train_valid_original_file_quelevel': 'train_valid_quelevel.csv', 'train_valid_file_quelevel': 'train_valid_sequences_quelevel.csv', 'test_file_quelevel': 'test_sequences_quelevel.csv', 'test_window_file_quelevel': 'test_window_sequences_quelevel.csv', 'test_original_file_quelevel': 'test_quelevel.csv'}, 'algebra2005': {'dpath': '../data/algebra2005', 'num_q': 173113, 'num_c': 112, 'input_type': ['questions', 'concepts'], 'max_concepts': 7, 'min_seq_len': 3, 'maxlen': 200, 'emb_path': '', 'train_valid_original_file': 'train_valid.csv', 'train_valid_file': 'train_valid_sequences.csv', 'folds': [0, 1, 2, 3, 4], 'test_original_file': 'test.csv', 'test_file': 'test_sequences.csv', 'test_window_file': 'test_window_sequences.csv', 'test_question_file': 'test_question_sequences.csv', 'test_question_window_file': 'test_question_window_sequences.csv', 'train_valid_original_file_quelevel': 'train_valid_quelevel.csv', 'train_valid_file_quelevel': 'train_valid_sequences_quelevel.csv', 'test_file_quelevel': 'test_sequences_quelevel.csv', 'test_window_file_quelevel': 'test_window_sequences_quelevel.csv', 'test_original_file_quelevel': 'test_quelevel.csv'}, 'assist2009': {'dpath': '../data/assist2009', 'num_q': 17737, 'num_c': 123, 'input_type': ['questions', 'concepts'], 'max_concepts': 4, 'min_seq_len': 3, 'maxlen': 200, 'emb_path': '', 'train_valid_original_file': 'train_valid.csv', 'train_valid_file': 'train_valid_sequences.csv', 'folds': [0, 1, 2, 3, 4], 'test_original_file': 'test.csv', 'test_file': 'test_sequences.csv', 'test_window_file': 'test_window_sequences.csv', 'test_question_file': 'test_question_sequences.csv', 'test_question_window_file': 'test_question_window_sequences.csv', 'train_valid_original_file_quelevel': 'train_valid_quelevel.csv', 'train_valid_file_quelevel': 'train_valid_sequences_quelevel.csv', 'test_file_quelevel': 'test_sequences_quelevel.csv', 'test_window_file_quelevel': 'test_window_sequences_quelevel.csv', 'test_original_file_quelevel': 'test_quelevel.csv'}, 'slepemapy': {'dpath': '../data/slepemapy', 'num_q': 2913, 'num_c': 1458, 'input_type': ['questions', 'concepts'], 'emb_path': '', 'train_valid_original_file': 'train_valid.csv', 'train_valid_file': 'train_valid_sequences.csv', 'folds': [0, 1, 2, 3, 4], 'test_original_file': 'test.csv', 'test_file': 'test_sequences.csv', 'test_window_file': 'test_window_sequences.csv', 'test_question_file': 'test_question_sequences.csv', 'test_question_window_file': 'test_question_window_sequences.csv'}, 'assist2017': {'dpath': '../data/assist2017', 'num_q': 3162, 'num_c': 102, 'input_type': ['questions', 'concepts'], 'min_seq_len': 3, 'maxlen': 200, 'emb_path': '', 'train_valid_original_file': 'train_valid.csv', 'train_valid_file': 'train_valid_sequences.csv', 'folds': [0, 1, 2, 3, 4], 'test_original_file': 'test.csv', 'test_file': 'test_sequences.csv', 'test_window_file': 'test_window_sequences.csv', 'test_question_file': 'test_question_sequences.csv', 'test_question_window_file': 'test_question_window_sequences.csv', 'max_concepts': 1, 'train_valid_original_file_quelevel': 'train_valid_quelevel.csv', 'train_valid_file_quelevel': 'train_valid_sequences_quelevel.csv', 'test_file_quelevel': 'test_sequences_quelevel.csv', 'test_window_file_quelevel': 'test_window_sequences_quelevel.csv', 'test_original_file_quelevel': 'test_quelevel.csv'}, 'assist2012': {'dpath': '../data/assist2012', 'num_q': 53070, 'num_c': 265, 'input_type': ['questions', 'concepts'], 'emb_path': '', 'train_valid_original_file': 'train_valid.csv', 'train_valid_file': 'train_valid_sequences.csv', 'folds': [0, 1, 2, 3, 4], 'test_original_file': 'test.csv', 'test_file': 'test_sequences.csv', 'test_window_file': 'test_window_sequences.csv', 'test_question_file': 'test_question_sequences.csv', 'test_question_window_file': 'test_question_window_sequences.csv'}, 'statics2011': {'dpath': '../data/statics2011', 'num_q': 0, 'num_c': 1223, 'input_type': ['concepts'], 'max_concepts': 1, 'min_seq_len': 3, 'maxlen': 200, 'emb_path': '', 'train_valid_original_file': 'train_valid.csv', 'train_valid_file': 'train_valid_sequences.csv', 'folds': [0, 1, 2, 3, 4], 'test_original_file': 'test.csv', 'test_file': 'test_sequences.csv', 'test_window_file': 'test_window_sequences.csv', 'train_valid_original_file_quelevel': 'train_valid_quelevel.csv', 'train_valid_file_quelevel': 'train_valid_sequences_quelevel.csv', 'test_file_quelevel': 'test_sequences_quelevel.csv', 'test_window_file_quelevel': 'test_window_sequences_quelevel.csv', 'test_original_file_quelevel': 'test_quelevel.csv'}, 'junyi2015': {'dpath': '../data/junyi2015', 'num_q': 721, 'num_c': 39, 'input_type': ['questions', 'concepts'], 'max_concepts': 1, 'min_seq_len': 3, 'maxlen': 200, 'emb_path': '', 'train_valid_original_file': 'train_valid.csv', 'train_valid_file': 'train_valid_sequences.csv', 'folds': [0, 1, 2, 3, 4], 'test_original_file': 'test.csv', 'test_file': 'test_sequences.csv', 'test_window_file': 'test_window_sequences.csv', 'test_question_file': 'test_question_sequences.csv', 'test_question_window_file': 'test_question_window_sequences.csv'}, 'bridge2algebra2006': {'dpath': '../data/bridge2algebra2006', 'num_q': 129263, 'num_c': 493, 'input_type': ['questions', 'concepts'], 'max_concepts': 5, 'min_seq_len': 3, 'maxlen': 200, 'emb_path': '', 'train_valid_original_file': 'train_valid.csv', 'train_valid_file': 'train_valid_sequences.csv', 'folds': [0, 1, 2, 3, 4], 'test_original_file': 'test.csv', 'test_file': 'test_sequences.csv', 'test_window_file': 'test_window_sequences.csv', 'test_question_file': 'test_question_sequences.csv', 'test_question_window_file': 'test_question_window_sequences.csv', 'train_valid_original_file_quelevel': 'train_valid_quelevel.csv', 'train_valid_file_quelevel': 'train_valid_sequences_quelevel.csv', 'test_file_quelevel': 'test_sequences_quelevel.csv', 'test_window_file_quelevel': 'test_window_sequences_quelevel.csv', 'test_original_file_quelevel': 'test_quelevel.csv'}, 'ednet': {'dpath': '../data/ednet', 'num_q': 11901, 'num_c': 188, 'input_type': ['questions', 'concepts'], 'max_concepts': 7, 'min_seq_len': 3, 'maxlen': 200, 'emb_path': '', 'train_valid_original_file': 'train_valid.csv', 'train_valid_file': 'train_valid_sequences.csv', 'folds': [0, 1, 2, 3, 4], 'test_original_file': 'test.csv', 'test_file': 'test_sequences.csv', 'test_window_file': 'test_window_sequences.csv', 'test_question_file': 'test_question_sequences.csv', 'test_question_window_file': 'test_question_window_sequences.csv', 'train_valid_original_file_quelevel': 'train_valid_quelevel.csv', 'train_valid_file_quelevel': 'train_valid_sequences_quelevel.csv', 'test_file_quelevel': 'test_sequences_quelevel.csv', 'test_window_file_quelevel': 'test_window_sequences_quelevel.csv', 'test_original_file_quelevel': 'test_quelevel.csv'}, 'nips_task34': {'dpath': '../data/nips_task34', 'num_q': 948, 'num_c': 57, 'input_type': ['questions', 'concepts'], 'max_concepts': 2, 'min_seq_len': 3, 'maxlen': 200, 'emb_path': '', 'train_valid_original_file': 'train_valid.csv', 'train_valid_file': 'train_valid_sequences.csv', 'folds': [0, 1, 2, 3, 4], 'test_original_file': 'test.csv', 'test_file': 'test_sequences.csv', 'test_window_file': 'test_window_sequences.csv', 'test_question_file': 'test_question_sequences.csv', 'test_question_window_file': 'test_question_window_sequences.csv', 'train_valid_original_file_quelevel': 'train_valid_quelevel.csv', 'train_valid_file_quelevel': 'train_valid_sequences_quelevel.csv', 'test_file_quelevel': 'test_sequences_quelevel.csv', 'test_window_file_quelevel': 'test_window_sequences_quelevel.csv', 'test_original_file_quelevel': 'test_quelevel.csv'}, 'poj': {'dpath': '../data/poj', 'num_q': 0, 'num_c': 2748, 'input_type': ['concepts'], 'max_concepts': 1, 'min_seq_len': 3, 'maxlen': 200, 'emb_path': '', 'train_valid_original_file': 'train_valid.csv', 'train_valid_file': 'train_valid_sequences.csv', 'folds': [0, 1, 2, 3, 4], 'test_original_file': 'test.csv', 'test_file': 'test_sequences.csv', 'test_window_file': 'test_window_sequences.csv', 'train_valid_original_file_quelevel': 'train_valid_quelevel.csv', 'train_valid_file_quelevel': 'train_valid_sequences_quelevel.csv', 'test_file_quelevel': 'test_sequences_quelevel.csv', 'test_window_file_quelevel': 'test_window_sequences_quelevel.csv', 'test_original_file_quelevel': 'test_quelevel.csv'}, 'peiyou': {'dpath': '../data/peiyou', 'num_q': 7652, 'num_c': 865, 'input_type': ['questions', 'concepts'], 'max_concepts': 6, 'min_seq_len': 3, 'maxlen': 200, 'emb_path': '', 'train_valid_file': 'train_valid_sequences.csv', 'folds': [0, 1, 2, 3, 4], 'train_valid_original_file': 'train_valid.csv', 'test_original_file': 'test.csv', 'test_file': 'test_sequences.csv', 'test_window_file': 'test_window_sequences.csv', 'test_question_file': 'test_question_sequences.csv', 'test_question_window_file': 'test_question_window_sequences.csv', 'train_valid_original_file_quelevel': 'train_valid_quelevel.csv', 'train_valid_file_quelevel': 'train_valid_sequences_quelevel.csv', 'test_file_quelevel': 'test_sequences_quelevel.csv', 'test_window_file_quelevel': 'test_window_sequences_quelevel.csv', 'test_original_file_quelevel': 'test_quelevel.csv'}, 'ednet5w': {'dpath': '../data/ednet5w', 'num_q': 12235, 'num_c': 188, 'input_type': ['questions', 'concepts'], 'max_concepts': 7, 'min_seq_len': 3, 'maxlen': 200, 'emb_path': '', 'train_valid_original_file': 'train_valid.csv', 'train_valid_file': 'train_valid_sequences.csv', 'folds': [0, 1, 2, 3, 4], 'test_original_file': 'test.csv', 'test_file': 'test_sequences.csv', 'test_window_file': 'test_window_sequences.csv', 'test_question_file': 'test_question_sequences.csv', 'test_question_window_file': 'test_question_window_sequences.csv', 'train_valid_original_file_quelevel': 'train_valid_quelevel.csv', 'train_valid_file_quelevel': 'train_valid_sequences_quelevel.csv', 'test_file_quelevel': 'test_sequences_quelevel.csv', 'test_window_file_quelevel': 'test_window_sequences_quelevel.csv', 'test_original_file_quelevel': 'test_quelevel.csv'}, 'pretrain': {'dpath': '../data/pretrain', 'num_q': 340614, 'num_c': 1838, 'input_type': ['questions', 'concepts'], 'max_concepts': 7, 'min_seq_len': 3, 'maxlen': 1024, 'emb_path': '', 'train_valid_original_file': 'train_valid.csv', 'train_valid_file': 'train_valid_sequences.csv', 'folds': [0, 1, 2, 3, 4], 'test_original_file': 'test.csv', 'test_file': 'test_sequences.csv', 'test_window_file': 'test_window_sequences.csv', 'test_question_file': 'test_question_sequences.csv', 'test_question_window_file': 'test_question_window_sequences.csv', 'train_valid_original_file_quelevel': 'train_valid_quelevel.csv', 'train_valid_file_quelevel': 'train_valid_sequences_quelevel_200.csv', 'test_file_quelevel': 'test_sequences_quelevel.csv', 'test_window_file_quelevel': 'test_window_sequences_quelevel.csv', 'test_original_file_quelevel': 'test_quelevel.csv'}} 0 256
2025-10-18 23:08:25 - main - said: init_dataset
dataset_name:bridge2algebra2006
data_config:{'assist2015': {'dpath': '../data/assist2015', 'num_q': 0, 'num_c': 100, 'input_type': ['concepts'], 'max_concepts': 1, 'min_seq_len': 3, 'maxlen': 200, 'emb_path': '', 'train_valid_original_file': 'train_valid.csv', 'train_valid_file': 'train_valid_sequences.csv', 'folds': [0, 1, 2, 3, 4], 'test_original_file': 'test.csv', 'test_file': 'test_sequences.csv', 'test_window_file': 'test_window_sequences.csv', 'train_valid_original_file_quelevel': 'train_valid_quelevel.csv', 'train_valid_file_quelevel': 'train_valid_sequences_quelevel.csv', 'test_file_quelevel': 'test_sequences_quelevel.csv', 'test_window_file_quelevel': 'test_window_sequences_quelevel.csv', 'test_original_file_quelevel': 'test_quelevel.csv'}, 'algebra2005': {'dpath': '../data/algebra2005', 'num_q': 173113, 'num_c': 112, 'input_type': ['questions', 'concepts'], 'max_concepts': 7, 'min_seq_len': 3, 'maxlen': 200, 'emb_path': '', 'train_valid_original_file': 'train_valid.csv', 'train_valid_file': 'train_valid_sequences.csv', 'folds': [0, 1, 2, 3, 4], 'test_original_file': 'test.csv', 'test_file': 'test_sequences.csv', 'test_window_file': 'test_window_sequences.csv', 'test_question_file': 'test_question_sequences.csv', 'test_question_window_file': 'test_question_window_sequences.csv', 'train_valid_original_file_quelevel': 'train_valid_quelevel.csv', 'train_valid_file_quelevel': 'train_valid_sequences_quelevel.csv', 'test_file_quelevel': 'test_sequences_quelevel.csv', 'test_window_file_quelevel': 'test_window_sequences_quelevel.csv', 'test_original_file_quelevel': 'test_quelevel.csv'}, 'assist2009': {'dpath': '../data/assist2009', 'num_q': 17737, 'num_c': 123, 'input_type': ['questions', 'concepts'], 'max_concepts': 4, 'min_seq_len': 3, 'maxlen': 200, 'emb_path': '', 'train_valid_original_file': 'train_valid.csv', 'train_valid_file': 'train_valid_sequences.csv', 'folds': [0, 1, 2, 3, 4], 'test_original_file': 'test.csv', 'test_file': 'test_sequences.csv', 'test_window_file': 'test_window_sequences.csv', 'test_question_file': 'test_question_sequences.csv', 'test_question_window_file': 'test_question_window_sequences.csv', 'train_valid_original_file_quelevel': 'train_valid_quelevel.csv', 'train_valid_file_quelevel': 'train_valid_sequences_quelevel.csv', 'test_file_quelevel': 'test_sequences_quelevel.csv', 'test_window_file_quelevel': 'test_window_sequences_quelevel.csv', 'test_original_file_quelevel': 'test_quelevel.csv'}, 'slepemapy': {'dpath': '../data/slepemapy', 'num_q': 2913, 'num_c': 1458, 'input_type': ['questions', 'concepts'], 'emb_path': '', 'train_valid_original_file': 'train_valid.csv', 'train_valid_file': 'train_valid_sequences.csv', 'folds': [0, 1, 2, 3, 4], 'test_original_file': 'test.csv', 'test_file': 'test_sequences.csv', 'test_window_file': 'test_window_sequences.csv', 'test_question_file': 'test_question_sequences.csv', 'test_question_window_file': 'test_question_window_sequences.csv'}, 'assist2017': {'dpath': '../data/assist2017', 'num_q': 3162, 'num_c': 102, 'input_type': ['questions', 'concepts'], 'min_seq_len': 3, 'maxlen': 200, 'emb_path': '', 'train_valid_original_file': 'train_valid.csv', 'train_valid_file': 'train_valid_sequences.csv', 'folds': [0, 1, 2, 3, 4], 'test_original_file': 'test.csv', 'test_file': 'test_sequences.csv', 'test_window_file': 'test_window_sequences.csv', 'test_question_file': 'test_question_sequences.csv', 'test_question_window_file': 'test_question_window_sequences.csv', 'max_concepts': 1, 'train_valid_original_file_quelevel': 'train_valid_quelevel.csv', 'train_valid_file_quelevel': 'train_valid_sequences_quelevel.csv', 'test_file_quelevel': 'test_sequences_quelevel.csv', 'test_window_file_quelevel': 'test_window_sequences_quelevel.csv', 'test_original_file_quelevel': 'test_quelevel.csv'}, 'assist2012': {'dpath': '../data/assist2012', 'num_q': 53070, 'num_c': 265, 'input_type': ['questions', 'concepts'], 'emb_path': '', 'train_valid_original_file': 'train_valid.csv', 'train_valid_file': 'train_valid_sequences.csv', 'folds': [0, 1, 2, 3, 4], 'test_original_file': 'test.csv', 'test_file': 'test_sequences.csv', 'test_window_file': 'test_window_sequences.csv', 'test_question_file': 'test_question_sequences.csv', 'test_question_window_file': 'test_question_window_sequences.csv'}, 'statics2011': {'dpath': '../data/statics2011', 'num_q': 0, 'num_c': 1223, 'input_type': ['concepts'], 'max_concepts': 1, 'min_seq_len': 3, 'maxlen': 200, 'emb_path': '', 'train_valid_original_file': 'train_valid.csv', 'train_valid_file': 'train_valid_sequences.csv', 'folds': [0, 1, 2, 3, 4], 'test_original_file': 'test.csv', 'test_file': 'test_sequences.csv', 'test_window_file': 'test_window_sequences.csv', 'train_valid_original_file_quelevel': 'train_valid_quelevel.csv', 'train_valid_file_quelevel': 'train_valid_sequences_quelevel.csv', 'test_file_quelevel': 'test_sequences_quelevel.csv', 'test_window_file_quelevel': 'test_window_sequences_quelevel.csv', 'test_original_file_quelevel': 'test_quelevel.csv'}, 'junyi2015': {'dpath': '../data/junyi2015', 'num_q': 721, 'num_c': 39, 'input_type': ['questions', 'concepts'], 'max_concepts': 1, 'min_seq_len': 3, 'maxlen': 200, 'emb_path': '', 'train_valid_original_file': 'train_valid.csv', 'train_valid_file': 'train_valid_sequences.csv', 'folds': [0, 1, 2, 3, 4], 'test_original_file': 'test.csv', 'test_file': 'test_sequences.csv', 'test_window_file': 'test_window_sequences.csv', 'test_question_file': 'test_question_sequences.csv', 'test_question_window_file': 'test_question_window_sequences.csv'}, 'bridge2algebra2006': {'dpath': '../data/bridge2algebra2006', 'num_q': 129263, 'num_c': 493, 'input_type': ['questions', 'concepts'], 'max_concepts': 5, 'min_seq_len': 3, 'maxlen': 200, 'emb_path': '', 'train_valid_original_file': 'train_valid.csv', 'train_valid_file': 'train_valid_sequences.csv', 'folds': [0, 1, 2, 3, 4], 'test_original_file': 'test.csv', 'test_file': 'test_sequences.csv', 'test_window_file': 'test_window_sequences.csv', 'test_question_file': 'test_question_sequences.csv', 'test_question_window_file': 'test_question_window_sequences.csv', 'train_valid_original_file_quelevel': 'train_valid_quelevel.csv', 'train_valid_file_quelevel': 'train_valid_sequences_quelevel.csv', 'test_file_quelevel': 'test_sequences_quelevel.csv', 'test_window_file_quelevel': 'test_window_sequences_quelevel.csv', 'test_original_file_quelevel': 'test_quelevel.csv'}, 'ednet': {'dpath': '../data/ednet', 'num_q': 11901, 'num_c': 188, 'input_type': ['questions', 'concepts'], 'max_concepts': 7, 'min_seq_len': 3, 'maxlen': 200, 'emb_path': '', 'train_valid_original_file': 'train_valid.csv', 'train_valid_file': 'train_valid_sequences.csv', 'folds': [0, 1, 2, 3, 4], 'test_original_file': 'test.csv', 'test_file': 'test_sequences.csv', 'test_window_file': 'test_window_sequences.csv', 'test_question_file': 'test_question_sequences.csv', 'test_question_window_file': 'test_question_window_sequences.csv', 'train_valid_original_file_quelevel': 'train_valid_quelevel.csv', 'train_valid_file_quelevel': 'train_valid_sequences_quelevel.csv', 'test_file_quelevel': 'test_sequences_quelevel.csv', 'test_window_file_quelevel': 'test_window_sequences_quelevel.csv', 'test_original_file_quelevel': 'test_quelevel.csv'}, 'nips_task34': {'dpath': '../data/nips_task34', 'num_q': 948, 'num_c': 57, 'input_type': ['questions', 'concepts'], 'max_concepts': 2, 'min_seq_len': 3, 'maxlen': 200, 'emb_path': '', 'train_valid_original_file': 'train_valid.csv', 'train_valid_file': 'train_valid_sequences.csv', 'folds': [0, 1, 2, 3, 4], 'test_original_file': 'test.csv', 'test_file': 'test_sequences.csv', 'test_window_file': 'test_window_sequences.csv', 'test_question_file': 'test_question_sequences.csv', 'test_question_window_file': 'test_question_window_sequences.csv', 'train_valid_original_file_quelevel': 'train_valid_quelevel.csv', 'train_valid_file_quelevel': 'train_valid_sequences_quelevel.csv', 'test_file_quelevel': 'test_sequences_quelevel.csv', 'test_window_file_quelevel': 'test_window_sequences_quelevel.csv', 'test_original_file_quelevel': 'test_quelevel.csv'}, 'poj': {'dpath': '../data/poj', 'num_q': 0, 'num_c': 2748, 'input_type': ['concepts'], 'max_concepts': 1, 'min_seq_len': 3, 'maxlen': 200, 'emb_path': '', 'train_valid_original_file': 'train_valid.csv', 'train_valid_file': 'train_valid_sequences.csv', 'folds': [0, 1, 2, 3, 4], 'test_original_file': 'test.csv', 'test_file': 'test_sequences.csv', 'test_window_file': 'test_window_sequences.csv', 'train_valid_original_file_quelevel': 'train_valid_quelevel.csv', 'train_valid_file_quelevel': 'train_valid_sequences_quelevel.csv', 'test_file_quelevel': 'test_sequences_quelevel.csv', 'test_window_file_quelevel': 'test_window_sequences_quelevel.csv', 'test_original_file_quelevel': 'test_quelevel.csv'}, 'peiyou': {'dpath': '../data/peiyou', 'num_q': 7652, 'num_c': 865, 'input_type': ['questions', 'concepts'], 'max_concepts': 6, 'min_seq_len': 3, 'maxlen': 200, 'emb_path': '', 'train_valid_file': 'train_valid_sequences.csv', 'folds': [0, 1, 2, 3, 4], 'train_valid_original_file': 'train_valid.csv', 'test_original_file': 'test.csv', 'test_file': 'test_sequences.csv', 'test_window_file': 'test_window_sequences.csv', 'test_question_file': 'test_question_sequences.csv', 'test_question_window_file': 'test_question_window_sequences.csv', 'train_valid_original_file_quelevel': 'train_valid_quelevel.csv', 'train_valid_file_quelevel': 'train_valid_sequences_quelevel.csv', 'test_file_quelevel': 'test_sequences_quelevel.csv', 'test_window_file_quelevel': 'test_window_sequences_quelevel.csv', 'test_original_file_quelevel': 'test_quelevel.csv'}, 'ednet5w': {'dpath': '../data/ednet5w', 'num_q': 12235, 'num_c': 188, 'input_type': ['questions', 'concepts'], 'max_concepts': 7, 'min_seq_len': 3, 'maxlen': 200, 'emb_path': '', 'train_valid_original_file': 'train_valid.csv', 'train_valid_file': 'train_valid_sequences.csv', 'folds': [0, 1, 2, 3, 4], 'test_original_file': 'test.csv', 'test_file': 'test_sequences.csv', 'test_window_file': 'test_window_sequences.csv', 'test_question_file': 'test_question_sequences.csv', 'test_question_window_file': 'test_question_window_sequences.csv', 'train_valid_original_file_quelevel': 'train_valid_quelevel.csv', 'train_valid_file_quelevel': 'train_valid_sequences_quelevel.csv', 'test_file_quelevel': 'test_sequences_quelevel.csv', 'test_window_file_quelevel': 'test_window_sequences_quelevel.csv', 'test_original_file_quelevel': 'test_quelevel.csv'}, 'pretrain': {'dpath': '../data/pretrain', 'num_q': 340614, 'num_c': 1838, 'input_type': ['questions', 'concepts'], 'max_concepts': 7, 'min_seq_len': 3, 'maxlen': 1024, 'emb_path': '', 'train_valid_original_file': 'train_valid.csv', 'train_valid_file': 'train_valid_sequences.csv', 'folds': [0, 1, 2, 3, 4], 'test_original_file': 'test.csv', 'test_file': 'test_sequences.csv', 'test_window_file': 'test_window_sequences.csv', 'test_question_file': 'test_question_sequences.csv', 'test_question_window_file': 'test_question_window_sequences.csv', 'train_valid_original_file_quelevel': 'train_valid_quelevel.csv', 'train_valid_file_quelevel': 'train_valid_sequences_quelevel_200.csv', 'test_file_quelevel': 'test_sequences_quelevel.csv', 'test_window_file_quelevel': 'test_window_sequences_quelevel.csv', 'test_original_file_quelevel': 'test_quelevel.csv'}}
Read data from processed file: ../data/bridge2algebra2006/train_valid_sequences.csv_0.pkl
file path: ../data/bridge2algebra2006/train_valid_sequences.csv, qlen: 1488, clen: 1488, rlen: 1488
Read data from processed file: ../data/bridge2algebra2006/train_valid_sequences.csv_1_2_3_4.pkl
file path: ../data/bridge2algebra2006/train_valid_sequences.csv, qlen: 6307, clen: 6307, rlen: 6307
params: {'dataset_name': 'bridge2algebra2006', 'model_name': 'dkt', 'emb_type': 'qid', 'save_dir': 'saved_model', 'seed': 42, 'fold': 0, 'dropout': 0.2, 'emb_size': 200, 'learning_rate': 0.001, 'use_wandb': 1, 'add_uuid': 0}, params_str: bridge2algebra2006_dkt_qid_saved_model_42_0_0.2_200_0.001_1_0
Start training model: dkt, embtype: qid, save_dir: saved_model/bridge2algebra2006_dkt_qid_saved_model_42_0_0.2_200_0.001_1_0, dataset_name: bridge2algebra2006
model_config: {'dropout': 0.2, 'emb_size': 200, 'learning_rate': 0.001, 'use_wandb': 1, 'add_uuid': 0}
train_config: {'batch_size': 256, 'num_epochs': 200, 'optimizer': 'adam', 'seq_len': 200}
2025-10-18 23:08:25 - main - said: init_model
model_name:dkt
model is DKT(
  (interaction_emb): Embedding(986, 200)
  (lstm_layer): LSTM(200, 200, batch_first=True)
  (dropout_layer): Dropout(p=0.2, inplace=False)
  (out_layer): Linear(in_features=200, out_features=493, bias=True)
)
2025-10-18 23:08:25 - main - said: train model
ts.shape: (277809,), ps.shape: (277809,)
Epoch: 1, validauc: 0.6997, validacc: 0.8354, best epoch: 1, best auc: 0.6997, train loss: 0.5229890015592676, emb_type: qid, model: dkt, save_dir: saved_model/bridge2algebra2006_dkt_qid_saved_model_42_0_0.2_200_0.001_1_0
            testauc: -1, testacc: -1, window_testauc: -1, window_testacc: -1
ts.shape: (277809,), ps.shape: (277809,)
Epoch: 2, validauc: 0.7547, validacc: 0.8383, best epoch: 2, best auc: 0.7547, train loss: 0.40779352851526285, emb_type: qid, model: dkt, save_dir: saved_model/bridge2algebra2006_dkt_qid_saved_model_42_0_0.2_200_0.001_1_0
            testauc: -1, testacc: -1, window_testauc: -1, window_testacc: -1
ts.shape: (277809,), ps.shape: (277809,)
Epoch: 3, validauc: 0.7702, validacc: 0.8409, best epoch: 3, best auc: 0.7702, train loss: 0.3908837063791992, emb_type: qid, model: dkt, save_dir: saved_model/bridge2algebra2006_dkt_qid_saved_model_42_0_0.2_200_0.001_1_0
            testauc: -1, testacc: -1, window_testauc: -1, window_testacc: -1
ts.shape: (277809,), ps.shape: (277809,)
Epoch: 4, validauc: 0.7791, validacc: 0.8429, best epoch: 4, best auc: 0.7791, train loss: 0.3831303066382996, emb_type: qid, model: dkt, save_dir: saved_model/bridge2algebra2006_dkt_qid_saved_model_42_0_0.2_200_0.001_1_0
            testauc: -1, testacc: -1, window_testauc: -1, window_testacc: -1
ts.shape: (277809,), ps.shape: (277809,)
Epoch: 5, validauc: 0.7855, validacc: 0.8444, best epoch: 5, best auc: 0.7855, train loss: 0.3777939394565751, emb_type: qid, model: dkt, save_dir: saved_model/bridge2algebra2006_dkt_qid_saved_model_42_0_0.2_200_0.001_1_0
            testauc: -1, testacc: -1, window_testauc: -1, window_testacc: -1
ts.shape: (277809,), ps.shape: (277809,)
Epoch: 6, validauc: 0.7894, validacc: 0.8459, best epoch: 6, best auc: 0.7894, train loss: 0.3738466773364008, emb_type: qid, model: dkt, save_dir: saved_model/bridge2algebra2006_dkt_qid_saved_model_42_0_0.2_200_0.001_1_0
            testauc: -1, testacc: -1, window_testauc: -1, window_testacc: -1
ts.shape: (277809,), ps.shape: (277809,)
Epoch: 7, validauc: 0.7918, validacc: 0.8464, best epoch: 7, best auc: 0.7918, train loss: 0.37116540647767515, emb_type: qid, model: dkt, save_dir: saved_model/bridge2algebra2006_dkt_qid_saved_model_42_0_0.2_200_0.001_1_0
            testauc: -1, testacc: -1, window_testauc: -1, window_testacc: -1
ts.shape: (277809,), ps.shape: (277809,)
Epoch: 8, validauc: 0.7945, validacc: 0.8467, best epoch: 8, best auc: 0.7945, train loss: 0.36880207858737196, emb_type: qid, model: dkt, save_dir: saved_model/bridge2algebra2006_dkt_qid_saved_model_42_0_0.2_200_0.001_1_0
            testauc: -1, testacc: -1, window_testauc: -1, window_testacc: -1
ts.shape: (277809,), ps.shape: (277809,)
Epoch: 9, validauc: 0.796, validacc: 0.8472, best epoch: 9, best auc: 0.796, train loss: 0.3666995376486146, emb_type: qid, model: dkt, save_dir: saved_model/bridge2algebra2006_dkt_qid_saved_model_42_0_0.2_200_0.001_1_0
            testauc: -1, testacc: -1, window_testauc: -1, window_testacc: -1
ts.shape: (277809,), ps.shape: (277809,)
Epoch: 10, validauc: 0.796, validacc: 0.8472, best epoch: 9, best auc: 0.796, train loss: 0.3649535044944738, emb_type: qid, model: dkt, save_dir: saved_model/bridge2algebra2006_dkt_qid_saved_model_42_0_0.2_200_0.001_1_0
            testauc: -1, testacc: -1, window_testauc: -1, window_testacc: -1
ts.shape: (277809,), ps.shape: (277809,)
Epoch: 11, validauc: 0.7981, validacc: 0.8474, best epoch: 11, best auc: 0.7981, train loss: 0.36349480302008397, emb_type: qid, model: dkt, save_dir: saved_model/bridge2algebra2006_dkt_qid_saved_model_42_0_0.2_200_0.001_1_0
            testauc: -1, testacc: -1, window_testauc: -1, window_testacc: -1
ts.shape: (277809,), ps.shape: (277809,)
Epoch: 12, validauc: 0.7981, validacc: 0.8474, best epoch: 11, best auc: 0.7981, train loss: 0.3620216260158966, emb_type: qid, model: dkt, save_dir: saved_model/bridge2algebra2006_dkt_qid_saved_model_42_0_0.2_200_0.001_1_0
            testauc: -1, testacc: -1, window_testauc: -1, window_testacc: -1
ts.shape: (277809,), ps.shape: (277809,)
Epoch: 13, validauc: 0.8003, validacc: 0.8483, best epoch: 13, best auc: 0.8003, train loss: 0.36080867810674555, emb_type: qid, model: dkt, save_dir: saved_model/bridge2algebra2006_dkt_qid_saved_model_42_0_0.2_200_0.001_1_0
            testauc: -1, testacc: -1, window_testauc: -1, window_testacc: -1
ts.shape: (277809,), ps.shape: (277809,)
Epoch: 14, validauc: 0.8003, validacc: 0.8483, best epoch: 13, best auc: 0.8003, train loss: 0.3594563366894081, emb_type: qid, model: dkt, save_dir: saved_model/bridge2algebra2006_dkt_qid_saved_model_42_0_0.2_200_0.001_1_0
            testauc: -1, testacc: -1, window_testauc: -1, window_testacc: -1
ts.shape: (277809,), ps.shape: (277809,)
Epoch: 15, validauc: 0.8003, validacc: 0.8483, best epoch: 13, best auc: 0.8003, train loss: 0.35843235026456405, emb_type: qid, model: dkt, save_dir: saved_model/bridge2algebra2006_dkt_qid_saved_model_42_0_0.2_200_0.001_1_0
            testauc: -1, testacc: -1, window_testauc: -1, window_testacc: -1
ts.shape: (277809,), ps.shape: (277809,)
Epoch: 16, validauc: 0.8003, validacc: 0.8483, best epoch: 13, best auc: 0.8003, train loss: 0.35724165134547164, emb_type: qid, model: dkt, save_dir: saved_model/bridge2algebra2006_dkt_qid_saved_model_42_0_0.2_200_0.001_1_0
            testauc: -1, testacc: -1, window_testauc: -1, window_testacc: -1
ts.shape: (277809,), ps.shape: (277809,)
Epoch: 17, validauc: 0.8014, validacc: 0.8488, best epoch: 17, best auc: 0.8014, train loss: 0.355907456110592, emb_type: qid, model: dkt, save_dir: saved_model/bridge2algebra2006_dkt_qid_saved_model_42_0_0.2_200_0.001_1_0
            testauc: -1, testacc: -1, window_testauc: -1, window_testacc: -1
ts.shape: (277809,), ps.shape: (277809,)
Epoch: 18, validauc: 0.8014, validacc: 0.8488, best epoch: 17, best auc: 0.8014, train loss: 0.35500682549280954, emb_type: qid, model: dkt, save_dir: saved_model/bridge2algebra2006_dkt_qid_saved_model_42_0_0.2_200_0.001_1_0
            testauc: -1, testacc: -1, window_testauc: -1, window_testacc: -1
ts.shape: (277809,), ps.shape: (277809,)
Epoch: 19, validauc: 0.8014, validacc: 0.8488, best epoch: 17, best auc: 0.8014, train loss: 0.35389817096089665, emb_type: qid, model: dkt, save_dir: saved_model/bridge2algebra2006_dkt_qid_saved_model_42_0_0.2_200_0.001_1_0
            testauc: -1, testacc: -1, window_testauc: -1, window_testacc: -1
ts.shape: (277809,), ps.shape: (277809,)
Epoch: 20, validauc: 0.8014, validacc: 0.8488, best epoch: 17, best auc: 0.8014, train loss: 0.35280542346485655, emb_type: qid, model: dkt, save_dir: saved_model/bridge2algebra2006_dkt_qid_saved_model_42_0_0.2_200_0.001_1_0
            testauc: -1, testacc: -1, window_testauc: -1, window_testacc: -1
ts.shape: (277809,), ps.shape: (277809,)
Epoch: 21, validauc: 0.8026, validacc: 0.849, best epoch: 21, best auc: 0.8026, train loss: 0.35189644631838585, emb_type: qid, model: dkt, save_dir: saved_model/bridge2algebra2006_dkt_qid_saved_model_42_0_0.2_200_0.001_1_0
            testauc: -1, testacc: -1, window_testauc: -1, window_testacc: -1
ts.shape: (277809,), ps.shape: (277809,)
Epoch: 22, validauc: 0.8026, validacc: 0.849, best epoch: 21, best auc: 0.8026, train loss: 0.35101719697140665, emb_type: qid, model: dkt, save_dir: saved_model/bridge2algebra2006_dkt_qid_saved_model_42_0_0.2_200_0.001_1_0
            testauc: -1, testacc: -1, window_testauc: -1, window_testacc: -1
ts.shape: (277809,), ps.shape: (277809,)
Epoch: 23, validauc: 0.8026, validacc: 0.849, best epoch: 21, best auc: 0.8026, train loss: 0.35034953540058306, emb_type: qid, model: dkt, save_dir: saved_model/bridge2algebra2006_dkt_qid_saved_model_42_0_0.2_200_0.001_1_0
            testauc: -1, testacc: -1, window_testauc: -1, window_testacc: -1
ts.shape: (277809,), ps.shape: (277809,)
Epoch: 24, validauc: 0.8026, validacc: 0.849, best epoch: 21, best auc: 0.8026, train loss: 0.34961566272140276, emb_type: qid, model: dkt, save_dir: saved_model/bridge2algebra2006_dkt_qid_saved_model_42_0_0.2_200_0.001_1_0
            testauc: -1, testacc: -1, window_testauc: -1, window_testacc: -1
ts.shape: (277809,), ps.shape: (277809,)
Epoch: 25, validauc: 0.8026, validacc: 0.849, best epoch: 21, best auc: 0.8026, train loss: 0.34877789031157136, emb_type: qid, model: dkt, save_dir: saved_model/bridge2algebra2006_dkt_qid_saved_model_42_0_0.2_200_0.001_1_0
            testauc: -1, testacc: -1, window_testauc: -1, window_testacc: -1
ts.shape: (277809,), ps.shape: (277809,)
Epoch: 26, validauc: 0.8026, validacc: 0.849, best epoch: 21, best auc: 0.8026, train loss: 0.34767807751909174, emb_type: qid, model: dkt, save_dir: saved_model/bridge2algebra2006_dkt_qid_saved_model_42_0_0.2_200_0.001_1_0
            testauc: -1, testacc: -1, window_testauc: -1, window_testacc: -1
ts.shape: (277809,), ps.shape: (277809,)
Epoch: 27, validauc: 0.8026, validacc: 0.849, best epoch: 21, best auc: 0.8026, train loss: 0.346507037712636, emb_type: qid, model: dkt, save_dir: saved_model/bridge2algebra2006_dkt_qid_saved_model_42_0_0.2_200_0.001_1_0
            testauc: -1, testacc: -1, window_testauc: -1, window_testacc: -1
ts.shape: (277809,), ps.shape: (277809,)
Epoch: 28, validauc: 0.8026, validacc: 0.849, best epoch: 21, best auc: 0.8026, train loss: 0.3456468018159144, emb_type: qid, model: dkt, save_dir: saved_model/bridge2algebra2006_dkt_qid_saved_model_42_0_0.2_200_0.001_1_0
            testauc: -1, testacc: -1, window_testauc: -1, window_testacc: -1
ts.shape: (277809,), ps.shape: (277809,)
Epoch: 29, validauc: 0.8026, validacc: 0.849, best epoch: 21, best auc: 0.8026, train loss: 0.34486120747859955, emb_type: qid, model: dkt, save_dir: saved_model/bridge2algebra2006_dkt_qid_saved_model_42_0_0.2_200_0.001_1_0
            testauc: -1, testacc: -1, window_testauc: -1, window_testacc: -1
ts.shape: (277809,), ps.shape: (277809,)
Epoch: 30, validauc: 0.8026, validacc: 0.849, best epoch: 21, best auc: 0.8026, train loss: 0.3439308426914796, emb_type: qid, model: dkt, save_dir: saved_model/bridge2algebra2006_dkt_qid_saved_model_42_0_0.2_200_0.001_1_0
            testauc: -1, testacc: -1, window_testauc: -1, window_testacc: -1
ts.shape: (277809,), ps.shape: (277809,)
Epoch: 31, validauc: 0.8026, validacc: 0.849, best epoch: 21, best auc: 0.8026, train loss: 0.3433337415613987, emb_type: qid, model: dkt, save_dir: saved_model/bridge2algebra2006_dkt_qid_saved_model_42_0_0.2_200_0.001_1_0
            testauc: -1, testacc: -1, window_testauc: -1, window_testacc: -1
/mnt/localssd/pykt-toolkit/examples/wandb_train.py:146: FutureWarning: You are using `torch.load` with `weights_only=False` (the current default value), which uses the default pickle module implicitly. It is possible to construct malicious pickle data which will execute arbitrary code during unpickling (See https://github.com/pytorch/pytorch/blob/main/SECURITY.md#untrusted-models for more details). In a future release, the default value for `weights_only` will be flipped to `True`. This limits the functions that could be executed during unpickling. Arbitrary objects will no longer be allowed to be loaded via this mode unless they are explicitly allowlisted by the user via `torch.serialization.add_safe_globals`. We recommend you start setting `weights_only=True` for any use case where you don't have full control of the loaded file. Please open an issue on GitHub for any issues related to this experimental feature.
  net = torch.load(os.path.join(ckpt_path, emb_type+"_model.ckpt"))
fold	modelname	embtype	testauc	testacc	window_testauc	window_testacc	validauc	validacc	best_epoch
0	dkt	qid	-1	-1	-1	-1	0.8026414335296503	0.8489717755724256	21
end:2025-10-18 23:10:18.721574
[1;34mwandb[0m: 🚀 View run [33mjumping-dew-33[0m at: [34mhttps://wandb.ai/ywu19-worcester-polytechnic-institute/pykt-toolkit-examples/runs/qn0saeol[0m
[1;34mwandb[0m: Find logs at: [1;35mwandb/run-20251018_230824-qn0saeol/logs[0m
