rm: cannot remove '../data/bridge2algebra2006/*.pkl': No such file or directory
Namespace(dataset_name='bridge2algebra2006', file_path='../data/peiyou/grade3_students_b_200.csv', min_seq_len=3, maxlen=200, kfold=5)
Start preprocessing data: bridge2algebra2006
original interaction num: 3679199, user num: 1146, question num: 207856, concept num: 493, avg(ins) per s: 3210.4703, avg(c) per q: 1.0136, na: 78593
after drop interaction num: 1817476, user num: 1146, question num: 129263, concept num: 493, avg(ins) per s: 1585.9302, avg(c) per q: 1.0136, na: 0
3679199,1146,207856,493,3210.4703,1.0136,78593
1817476,1146,129263,493,1585.9302,1.0136,0
--------------------------------------------------
dname: ../data/bridge2algebra2006, writef: ../data/bridge2algebra2006/data.txt
delete bad stu num of len: 1, delete interactions: 2, of r: 0, good num: 1817474
====================
original total interactions: 1817474, qs: 129263, cs: 493, seqnum: 1145
df.columns: Index(['uid', 'is_repeat', 'questions', 'timestamps', 'concepts', 'responses'], dtype='object')
====================
after extend multi, total interactions: 1824326, qs: 129263, cs: 493, seqnum: 1145
total num: 1145, train+valid num: 916, test num: 229
fold: 1, start: 0, end: 184, total num: 916
fold: 2, start: 184, end: 367, total num: 916
fold: 3, start: 367, end: 550, total num: 916
fold: 4, start: 550, end: 733, total num: 916
fold: 5, start: 733, end: 916, total num: 916
train+valid original interactions num: 1468805, select num: 0, qs: 121783, cs: 488, seqnum: 916
dropnum: 11
train+valid sequences interactions num: 1468794, select num: 1468794, qs: 121781, cs: 488, seqnum: 7795
dropnum: 5
original test interactions num: 355521, select num: 0, qs: 74431, cs: 431, seqnum: 229
test sequences interactions num: 355516, select num: 355516, qs: 74431, cs: 431, seqnum: 1885
====================
test window interactions num: 62416059, select num: 355521, qs: 74431, cs: 431, seqnum: 312091
test question interactions num: 614060, select num: 355265, qs: 74431, cs: 431, seqnum: 4355
test question window interactions num: 62416299, select num: 355292, qs: 74431, cs: 431, seqnum: 312101
====================
original,1817474,1145,0
extend multi,1824326,1145,0
original train+valid,1468805,916,0
train+valid sequences,1468794,7795,1468794
test original,355521,229,0
test sequences,355516,1885,355516
test window,62416059,312091,355521
test question,614060,4355,355265
test question window,62416299,312101,355292
====================================================================================================
delete bad stu num of len: 1, delete interactions: 2, of r: 0, good num: 1817474
====================
original total interactions: 1817474, qs: 129263, cs: 493, seqnum: 1145
df.columns: Index(['responses', 'questions', 'timestamps', 'concepts', 'uid'], dtype='object')
total num: 1145, train+valid num: 916, test num: 229
fold: 1, start: 0, end: 184, total num: 916
fold: 2, start: 184, end: 367, total num: 916
fold: 3, start: 367, end: 550, total num: 916
fold: 4, start: 550, end: 733, total num: 916
fold: 5, start: 733, end: 916, total num: 916
train+valid original interactions num: 1463212, select num: 0, qs: 121783, cs: 488, seqnum: 916
dropnum: 11
train+valid sequences interactions num: 1463201, select num: 1463201, qs: 121781, cs: 488, seqnum: 7768
dropnum: 5
original test interactions num: 354262, select num: 0, qs: 74431, cs: 431, seqnum: 229
test sequences interactions num: 354257, select num: 354257, qs: 74430, cs: 431, seqnum: 1878
====================
test window interactions num: 62165254, select num: 354262, qs: 74431, cs: 431, seqnum: 310837
====================
original,1817474,1145,0
original train+valid question level,1463212,916,0
train+valid sequences question level,1463201,7768,1463201
test original question level,354262,229,0
test sequences question level,354257,1878,354257
test window question level,62165254,310837,354262
